<?xml version="1.0" encoding="UTF-8"?>
<testng-results ignored="0" total="1" passed="1" failed="0" skipped="0">
  <reporter-output>
  </reporter-output>
  <suite started-at="2026-03-31T13:29:28 GMT+07:00" name="Smoke Suite" finished-at="2026-03-31T13:29:30 GMT+07:00" duration-ms="2141">
    <groups>
    </groups>
    <test started-at="2026-03-31T13:29:28 GMT+07:00" name="Test" finished-at="2026-03-31T13:29:30 GMT+07:00" duration-ms="2141">
      <class name="tests.TestGoogle">
        <test-method is-config="true" signature="setUp()[pri:0, instance:tests.TestGoogle@3eb25e1a]" started-at="2026-03-31T13:29:28 GMT+07:00" name="setUp" finished-at="2026-03-31T13:29:29 GMT+07:00" duration-ms="1296" status="PASS">
          <reporter-output>
          </reporter-output>
        </test-method> <!-- setUp -->
        <test-method signature="testGoogle()[pri:0, instance:tests.TestGoogle@3eb25e1a]" started-at="2026-03-31T13:29:29 GMT+07:00" name="testGoogle" finished-at="2026-03-31T13:29:30 GMT+07:00" duration-ms="645" status="PASS">
          <reporter-output>
          </reporter-output>
        </test-method> <!-- testGoogle -->
        <test-method is-config="true" signature="tearDown()[pri:0, instance:tests.TestGoogle@3eb25e1a]" started-at="2026-03-31T13:29:30 GMT+07:00" name="tearDown" finished-at="2026-03-31T13:29:30 GMT+07:00" duration-ms="169" status="PASS">
          <reporter-output>
          </reporter-output>
        </test-method> <!-- tearDown -->
      </class> <!-- tests.TestGoogle -->
    </test> <!-- Test -->
  </suite> <!-- Smoke Suite -->
</testng-results>
