<?xml version="1.0" encoding="UTF-8"?>
<!-- Generated by org.testng.reporters.JUnitXMLReporter -->
<testsuite ignored="0" hostname="LAPTOP-D1LMSN48" failures="1" tests="12" name="Login Test" time="40.58" errors="0" timestamp="2026-03-03T16:38:56 GMT+07:00">
  <testcase classname="dtm.tests.TC_DangNhapTest" name="kiemThuDangNhap" time="1.531"/>
  <testcase classname="dtm.tests.TC_DangNhapTest" name="kiemThuDangNhap" time="10.766">
    <failure type="java.lang.AssertionError" message="FAIL: Tài khoản bị khóa expected [true] but found [false]">
      <![CDATA[java.lang.AssertionError: FAIL: Tài khoản bị khóa expected [true] but found [false]
at dtm.tests.TC_DangNhapTest.kiemThuDangNhap(TC_DangNhapTest.java:35)
at java.base/java.util.concurrent.ThreadPoolExecutor.runWorker(ThreadPoolExecutor.java:1144)
at java.base/java.util.concurrent.ThreadPoolExecutor$Worker.run(ThreadPoolExecutor.java:642)
at java.base/java.lang.Thread.run(Thread.java:1575)
... Removed 13 stack frames]]>
    </failure>
  </testcase> <!-- kiemThuDangNhap -->
  <testcase classname="dtm.tests.TC_DangNhapTest" name="kiemThuDangNhap" time="0.802"/>
  <testcase classname="dtm.tests.TC_DangNhapTest" name="kiemThuDangNhap" time="5.805"/>
  <testcase classname="dtm.tests.TC_DangNhapTest" name="kiemThuDangNhap" time="0.75"/>
  <testcase classname="dtm.tests.TC_DangNhapTest" name="kiemThuDangNhap" time="0.819"/>
  <testcase classname="dtm.tests.TC_DangNhapTest" name="kiemThuDangNhap" time="0.83"/>
  <testcase classname="dtm.tests.TC_DangNhapTest" name="kiemThuDangNhap" time="0.886"/>
  <testcase classname="dtm.tests.TC_DangNhapTest" name="kiemThuDangNhap" time="0.789"/>
  <testcase classname="dtm.tests.TC_DangNhapTest" name="kiemThuDangNhap" time="0.836"/>
  <testcase classname="dtm.tests.TC_DangNhapTest" name="kiemThuDangNhap" time="0.889"/>
  <testcase classname="dtm.tests.TC_DangNhapTest" name="kiemThuDangNhap" time="0.803"/>
</testsuite> <!-- Login Test -->
