<?xml version="1.0" encoding="UTF-8"?>
<!-- Generated by org.testng.reporters.JUnitXMLReporter -->
<testsuite ignored="0" hostname="LAPTOP-D1LMSN48" failures="1" tests="5" name="Surefire test" time="38.915" errors="0" timestamp="2026-03-31T17:05:16 ICT">
  <testcase classname="tests.FailTest" name="testPass" time="0.005"/>
  <testcase classname="tests.LoginTest" name="testLoginSuccess" time="11.164">
    <skipped/>
  </testcase> <!-- testLoginSuccess -->
  <testcase classname="tests.LoginTest" name="testLoginSuccess" time="11.065">
    <skipped/>
  </testcase> <!-- testLoginSuccess -->
  <testcase classname="tests.LoginTest" name="testLoginSuccess" time="11.044">
    <failure type="java.lang.AssertionError" message="Login failed: Epic sadface: Username is required">
      <![CDATA[java.lang.AssertionError: Login failed: Epic sadface: Username is required
at tests.LoginTest.testLoginSuccess(LoginTest.java:48)
at java.base/java.util.ArrayList.forEach(ArrayList.java:1511)
... Removed 33 stack frames]]>
    </failure>
  </testcase> <!-- testLoginSuccess -->
  <testcase classname="tests.TestGoogle" name="testGoogle" time="0.691"/>
</testsuite> <!-- Surefire test -->
