<?xml version="1.0" encoding="UTF-8"?>
<testng-results ignored="0" total="14" passed="14" failed="0" skipped="0">
  <reporter-output>
  </reporter-output>
  <suite started-at="2026-03-17T18:52:34 GMT+07:00" name="Regression Suite" finished-at="2026-03-17T18:53:11 GMT+07:00" duration-ms="37384">
    <groups>
      <group name="regression">
        <method signature="LoginDDTTest.loginRegressionTest(java.util.Map)[pri:0, instance:tests.LoginDDTTest@4efbca5a]" name="loginRegressionTest" class="tests.LoginDDTTest"/>
      </group> <!-- regression -->
    </groups>
    <test started-at="2026-03-17T18:52:34 GMT+07:00" name="Regression Test" finished-at="2026-03-17T18:53:11 GMT+07:00" duration-ms="37384">
      <class name="tests.LoginDDTTest">
        <test-method is-config="true" signature="setUp(java.lang.String,java.lang.String)[pri:0, instance:tests.LoginDDTTest@4efbca5a]" started-at="2026-03-17T18:52:34 GMT+07:00" name="setUp" finished-at="2026-03-17T18:52:36 GMT+07:00" duration-ms="1757" status="PASS">
          <params>
            <param index="0">
              <value>
                <![CDATA[chrome]]>
              </value>
            </param>
            <param index="1">
              <value>
                <![CDATA[dev]]>
              </value>
            </param>
          </params>
          <reporter-output>
          </reporter-output>
        </test-method> <!-- setUp -->
        <test-method signature="loginRegressionTest(java.util.Map)[pri:0, instance:tests.LoginDDTTest@4efbca5a]" started-at="2026-03-17T18:52:36 GMT+07:00" name="loginRegressionTest" data-provider="loginData" finished-at="2026-03-17T18:52:36 GMT+07:00" duration-ms="370" status="PASS">
          <params>
            <param index="0">
              <value>
                <![CDATA[{description=Login thành công chuẩn 1, password=secret_sauce, expected_url=inventory.html, username=standard_user}]]>
              </value>
            </param>
          </params>
          <reporter-output>
          </reporter-output>
        </test-method> <!-- loginRegressionTest -->
        <test-method is-config="true" signature="tearDown(org.testng.ITestResult)[pri:0, instance:tests.LoginDDTTest@4efbca5a]" started-at="2026-03-17T18:52:36 GMT+07:00" name="tearDown" finished-at="2026-03-17T18:52:37 GMT+07:00" duration-ms="134" status="PASS">
          <params>
            <param index="0">
              <value>
                <![CDATA[[TestResult name=loginRegressionTest status=SUCCESS method=LoginDDTTest.loginRegressionTest(java.util.Map)[pri:0, instance:tests.LoginDDTTest@4efbca5a] output={null}]]]>
              </value>
            </param>
          </params>
          <reporter-output>
          </reporter-output>
        </test-method> <!-- tearDown -->
        <test-method is-config="true" signature="setUp(java.lang.String,java.lang.String)[pri:0, instance:tests.LoginDDTTest@4efbca5a]" started-at="2026-03-17T18:52:37 GMT+07:00" name="setUp" finished-at="2026-03-17T18:52:38 GMT+07:00" duration-ms="1223" status="PASS">
          <params>
            <param index="0">
              <value>
                <![CDATA[chrome]]>
              </value>
            </param>
            <param index="1">
              <value>
                <![CDATA[dev]]>
              </value>
            </param>
          </params>
          <reporter-output>
          </reporter-output>
        </test-method> <!-- setUp -->
        <test-method signature="loginRegressionTest(java.util.Map)[pri:0, instance:tests.LoginDDTTest@4efbca5a]" started-at="2026-03-17T18:52:38 GMT+07:00" name="loginRegressionTest" data-provider="loginData" finished-at="2026-03-17T18:52:38 GMT+07:00" duration-ms="304" status="PASS">
          <params>
            <param index="0">
              <value>
                <![CDATA[{description=Login thành công chuẩn 2, password=secret_sauce, expected_url=inventory.html, username=problem_user}]]>
              </value>
            </param>
          </params>
          <reporter-output>
          </reporter-output>
        </test-method> <!-- loginRegressionTest -->
        <test-method is-config="true" signature="tearDown(org.testng.ITestResult)[pri:0, instance:tests.LoginDDTTest@4efbca5a]" started-at="2026-03-17T18:52:38 GMT+07:00" name="tearDown" finished-at="2026-03-17T18:52:38 GMT+07:00" duration-ms="136" status="PASS">
          <params>
            <param index="0">
              <value>
                <![CDATA[[TestResult name=loginRegressionTest status=SUCCESS method=LoginDDTTest.loginRegressionTest(java.util.Map)[pri:0, instance:tests.LoginDDTTest@4efbca5a] output={null}]]]>
              </value>
            </param>
          </params>
          <reporter-output>
          </reporter-output>
        </test-method> <!-- tearDown -->
        <test-method is-config="true" signature="setUp(java.lang.String,java.lang.String)[pri:0, instance:tests.LoginDDTTest@4efbca5a]" started-at="2026-03-17T18:52:38 GMT+07:00" name="setUp" finished-at="2026-03-17T18:52:39 GMT+07:00" duration-ms="1317" status="PASS">
          <params>
            <param index="0">
              <value>
                <![CDATA[chrome]]>
              </value>
            </param>
            <param index="1">
              <value>
                <![CDATA[dev]]>
              </value>
            </param>
          </params>
          <reporter-output>
          </reporter-output>
        </test-method> <!-- setUp -->
        <test-method signature="loginRegressionTest(java.util.Map)[pri:0, instance:tests.LoginDDTTest@4efbca5a]" started-at="2026-03-17T18:52:39 GMT+07:00" name="loginRegressionTest" data-provider="loginData" finished-at="2026-03-17T18:52:45 GMT+07:00" duration-ms="5398" status="PASS">
          <params>
            <param index="0">
              <value>
                <![CDATA[{description=Login thành công chậm, password=secret_sauce, expected_url=inventory.html, username=performance_glitch_user}]]>
              </value>
            </param>
          </params>
          <reporter-output>
          </reporter-output>
        </test-method> <!-- loginRegressionTest -->
        <test-method is-config="true" signature="tearDown(org.testng.ITestResult)[pri:0, instance:tests.LoginDDTTest@4efbca5a]" started-at="2026-03-17T18:52:45 GMT+07:00" name="tearDown" finished-at="2026-03-17T18:52:45 GMT+07:00" duration-ms="138" status="PASS">
          <params>
            <param index="0">
              <value>
                <![CDATA[[TestResult name=loginRegressionTest status=SUCCESS method=LoginDDTTest.loginRegressionTest(java.util.Map)[pri:0, instance:tests.LoginDDTTest@4efbca5a] output={null}]]]>
              </value>
            </param>
          </params>
          <reporter-output>
          </reporter-output>
        </test-method> <!-- tearDown -->
        <test-method is-config="true" signature="setUp(java.lang.String,java.lang.String)[pri:0, instance:tests.LoginDDTTest@4efbca5a]" started-at="2026-03-17T18:52:45 GMT+07:00" name="setUp" finished-at="2026-03-17T18:52:46 GMT+07:00" duration-ms="1259" status="PASS">
          <params>
            <param index="0">
              <value>
                <![CDATA[chrome]]>
              </value>
            </param>
            <param index="1">
              <value>
                <![CDATA[dev]]>
              </value>
            </param>
          </params>
          <reporter-output>
          </reporter-output>
        </test-method> <!-- setUp -->
        <test-method signature="loginRegressionTest(java.util.Map)[pri:0, instance:tests.LoginDDTTest@4efbca5a]" started-at="2026-03-17T18:52:46 GMT+07:00" name="loginRegressionTest" data-provider="loginData" finished-at="2026-03-17T18:52:47 GMT+07:00" duration-ms="271" status="PASS">
          <params>
            <param index="0">
              <value>
                <![CDATA[{description=, password=, expected_url=, username=}]]>
              </value>
            </param>
          </params>
          <reporter-output>
          </reporter-output>
        </test-method> <!-- loginRegressionTest -->
        <test-method is-config="true" signature="tearDown(org.testng.ITestResult)[pri:0, instance:tests.LoginDDTTest@4efbca5a]" started-at="2026-03-17T18:52:47 GMT+07:00" name="tearDown" finished-at="2026-03-17T18:52:47 GMT+07:00" duration-ms="134" status="PASS">
          <params>
            <param index="0">
              <value>
                <![CDATA[[TestResult name=loginRegressionTest status=SUCCESS method=LoginDDTTest.loginRegressionTest(java.util.Map)[pri:0, instance:tests.LoginDDTTest@4efbca5a] output={null}]]]>
              </value>
            </param>
          </params>
          <reporter-output>
          </reporter-output>
        </test-method> <!-- tearDown -->
        <test-method is-config="true" signature="setUp(java.lang.String,java.lang.String)[pri:0, instance:tests.LoginDDTTest@4efbca5a]" started-at="2026-03-17T18:52:47 GMT+07:00" name="setUp" finished-at="2026-03-17T18:52:55 GMT+07:00" duration-ms="8804" status="PASS">
          <params>
            <param index="0">
              <value>
                <![CDATA[chrome]]>
              </value>
            </param>
            <param index="1">
              <value>
                <![CDATA[dev]]>
              </value>
            </param>
          </params>
          <reporter-output>
          </reporter-output>
        </test-method> <!-- setUp -->
        <test-method signature="loginRegressionTest(java.util.Map)[pri:0, instance:tests.LoginDDTTest@4efbca5a]" started-at="2026-03-17T18:52:55 GMT+07:00" name="loginRegressionTest" data-provider="loginData" finished-at="2026-03-17T18:52:56 GMT+07:00" duration-ms="396" status="PASS">
          <params>
            <param index="0">
              <value>
                <![CDATA[{description=Tài khoản bị khóa, password=secret_sauce, username=locked_out_user, expected_error=locked out}]]>
              </value>
            </param>
          </params>
          <reporter-output>
          </reporter-output>
        </test-method> <!-- loginRegressionTest -->
        <test-method is-config="true" signature="tearDown(org.testng.ITestResult)[pri:0, instance:tests.LoginDDTTest@4efbca5a]" started-at="2026-03-17T18:52:56 GMT+07:00" name="tearDown" finished-at="2026-03-17T18:52:56 GMT+07:00" duration-ms="149" status="PASS">
          <params>
            <param index="0">
              <value>
                <![CDATA[[TestResult name=loginRegressionTest status=SUCCESS method=LoginDDTTest.loginRegressionTest(java.util.Map)[pri:0, instance:tests.LoginDDTTest@4efbca5a] output={null}]]]>
              </value>
            </param>
          </params>
          <reporter-output>
          </reporter-output>
        </test-method> <!-- tearDown -->
        <test-method is-config="true" signature="setUp(java.lang.String,java.lang.String)[pri:0, instance:tests.LoginDDTTest@4efbca5a]" started-at="2026-03-17T18:52:56 GMT+07:00" name="setUp" finished-at="2026-03-17T18:52:57 GMT+07:00" duration-ms="1217" status="PASS">
          <params>
            <param index="0">
              <value>
                <![CDATA[chrome]]>
              </value>
            </param>
            <param index="1">
              <value>
                <![CDATA[dev]]>
              </value>
            </param>
          </params>
          <reporter-output>
          </reporter-output>
        </test-method> <!-- setUp -->
        <test-method signature="loginRegressionTest(java.util.Map)[pri:0, instance:tests.LoginDDTTest@4efbca5a]" started-at="2026-03-17T18:52:57 GMT+07:00" name="loginRegressionTest" data-provider="loginData" finished-at="2026-03-17T18:52:58 GMT+07:00" duration-ms="321" status="PASS">
          <params>
            <param index="0">
              <value>
                <![CDATA[{description=Sai mật khẩu, password=wrong_pass, username=standard_user, expected_error=Username and password}]]>
              </value>
            </param>
          </params>
          <reporter-output>
          </reporter-output>
        </test-method> <!-- loginRegressionTest -->
        <test-method is-config="true" signature="tearDown(org.testng.ITestResult)[pri:0, instance:tests.LoginDDTTest@4efbca5a]" started-at="2026-03-17T18:52:58 GMT+07:00" name="tearDown" finished-at="2026-03-17T18:52:58 GMT+07:00" duration-ms="142" status="PASS">
          <params>
            <param index="0">
              <value>
                <![CDATA[[TestResult name=loginRegressionTest status=SUCCESS method=LoginDDTTest.loginRegressionTest(java.util.Map)[pri:0, instance:tests.LoginDDTTest@4efbca5a] output={null}]]]>
              </value>
            </param>
          </params>
          <reporter-output>
          </reporter-output>
        </test-method> <!-- tearDown -->
        <test-method is-config="true" signature="setUp(java.lang.String,java.lang.String)[pri:0, instance:tests.LoginDDTTest@4efbca5a]" started-at="2026-03-17T18:52:58 GMT+07:00" name="setUp" finished-at="2026-03-17T18:52:59 GMT+07:00" duration-ms="1202" status="PASS">
          <params>
            <param index="0">
              <value>
                <![CDATA[chrome]]>
              </value>
            </param>
            <param index="1">
              <value>
                <![CDATA[dev]]>
              </value>
            </param>
          </params>
          <reporter-output>
          </reporter-output>
        </test-method> <!-- setUp -->
        <test-method signature="loginRegressionTest(java.util.Map)[pri:0, instance:tests.LoginDDTTest@4efbca5a]" started-at="2026-03-17T18:52:59 GMT+07:00" name="loginRegressionTest" data-provider="loginData" finished-at="2026-03-17T18:52:59 GMT+07:00" duration-ms="283" status="PASS">
          <params>
            <param index="0">
              <value>
                <![CDATA[{description=User không tồn tại, password=123456, username=invalid_user, expected_error=Username and password}]]>
              </value>
            </param>
          </params>
          <reporter-output>
          </reporter-output>
        </test-method> <!-- loginRegressionTest -->
        <test-method is-config="true" signature="tearDown(org.testng.ITestResult)[pri:0, instance:tests.LoginDDTTest@4efbca5a]" started-at="2026-03-17T18:52:59 GMT+07:00" name="tearDown" finished-at="2026-03-17T18:52:59 GMT+07:00" duration-ms="135" status="PASS">
          <params>
            <param index="0">
              <value>
                <![CDATA[[TestResult name=loginRegressionTest status=SUCCESS method=LoginDDTTest.loginRegressionTest(java.util.Map)[pri:0, instance:tests.LoginDDTTest@4efbca5a] output={null}]]]>
              </value>
            </param>
          </params>
          <reporter-output>
          </reporter-output>
        </test-method> <!-- tearDown -->
        <test-method is-config="true" signature="setUp(java.lang.String,java.lang.String)[pri:0, instance:tests.LoginDDTTest@4efbca5a]" started-at="2026-03-17T18:52:59 GMT+07:00" name="setUp" finished-at="2026-03-17T18:53:01 GMT+07:00" duration-ms="1243" status="PASS">
          <params>
            <param index="0">
              <value>
                <![CDATA[chrome]]>
              </value>
            </param>
            <param index="1">
              <value>
                <![CDATA[dev]]>
              </value>
            </param>
          </params>
          <reporter-output>
          </reporter-output>
        </test-method> <!-- setUp -->
        <test-method signature="loginRegressionTest(java.util.Map)[pri:0, instance:tests.LoginDDTTest@4efbca5a]" started-at="2026-03-17T18:53:01 GMT+07:00" name="loginRegressionTest" data-provider="loginData" finished-at="2026-03-17T18:53:01 GMT+07:00" duration-ms="314" status="PASS">
          <params>
            <param index="0">
              <value>
                <![CDATA[{description=Bỏ trống username, password=secret_sauce, username=, expected_error=Username is required}]]>
              </value>
            </param>
          </params>
          <reporter-output>
          </reporter-output>
        </test-method> <!-- loginRegressionTest -->
        <test-method is-config="true" signature="tearDown(org.testng.ITestResult)[pri:0, instance:tests.LoginDDTTest@4efbca5a]" started-at="2026-03-17T18:53:01 GMT+07:00" name="tearDown" finished-at="2026-03-17T18:53:01 GMT+07:00" duration-ms="146" status="PASS">
          <params>
            <param index="0">
              <value>
                <![CDATA[[TestResult name=loginRegressionTest status=SUCCESS method=LoginDDTTest.loginRegressionTest(java.util.Map)[pri:0, instance:tests.LoginDDTTest@4efbca5a] output={null}]]]>
              </value>
            </param>
          </params>
          <reporter-output>
          </reporter-output>
        </test-method> <!-- tearDown -->
        <test-method is-config="true" signature="setUp(java.lang.String,java.lang.String)[pri:0, instance:tests.LoginDDTTest@4efbca5a]" started-at="2026-03-17T18:53:01 GMT+07:00" name="setUp" finished-at="2026-03-17T18:53:02 GMT+07:00" duration-ms="1303" status="PASS">
          <params>
            <param index="0">
              <value>
                <![CDATA[chrome]]>
              </value>
            </param>
            <param index="1">
              <value>
                <![CDATA[dev]]>
              </value>
            </param>
          </params>
          <reporter-output>
          </reporter-output>
        </test-method> <!-- setUp -->
        <test-method signature="loginRegressionTest(java.util.Map)[pri:0, instance:tests.LoginDDTTest@4efbca5a]" started-at="2026-03-17T18:53:02 GMT+07:00" name="loginRegressionTest" data-provider="loginData" finished-at="2026-03-17T18:53:03 GMT+07:00" duration-ms="303" status="PASS">
          <params>
            <param index="0">
              <value>
                <![CDATA[{description=Bỏ trống password, password=, username=standard_user, expected_error=Password is required}]]>
              </value>
            </param>
          </params>
          <reporter-output>
          </reporter-output>
        </test-method> <!-- loginRegressionTest -->
        <test-method is-config="true" signature="tearDown(org.testng.ITestResult)[pri:0, instance:tests.LoginDDTTest@4efbca5a]" started-at="2026-03-17T18:53:03 GMT+07:00" name="tearDown" finished-at="2026-03-17T18:53:03 GMT+07:00" duration-ms="152" status="PASS">
          <params>
            <param index="0">
              <value>
                <![CDATA[[TestResult name=loginRegressionTest status=SUCCESS method=LoginDDTTest.loginRegressionTest(java.util.Map)[pri:0, instance:tests.LoginDDTTest@4efbca5a] output={null}]]]>
              </value>
            </param>
          </params>
          <reporter-output>
          </reporter-output>
        </test-method> <!-- tearDown -->
        <test-method is-config="true" signature="setUp(java.lang.String,java.lang.String)[pri:0, instance:tests.LoginDDTTest@4efbca5a]" started-at="2026-03-17T18:53:03 GMT+07:00" name="setUp" finished-at="2026-03-17T18:53:04 GMT+07:00" duration-ms="1296" status="PASS">
          <params>
            <param index="0">
              <value>
                <![CDATA[chrome]]>
              </value>
            </param>
            <param index="1">
              <value>
                <![CDATA[dev]]>
              </value>
            </param>
          </params>
          <reporter-output>
          </reporter-output>
        </test-method> <!-- setUp -->
        <test-method signature="loginRegressionTest(java.util.Map)[pri:0, instance:tests.LoginDDTTest@4efbca5a]" started-at="2026-03-17T18:53:04 GMT+07:00" name="loginRegressionTest" data-provider="loginData" finished-at="2026-03-17T18:53:04 GMT+07:00" duration-ms="276" status="PASS">
          <params>
            <param index="0">
              <value>
                <![CDATA[{description=Tài khoản bị khóa, password=secret_sauce, username=locked_out_user, expected_error=locked out}]]>
              </value>
            </param>
          </params>
          <reporter-output>
          </reporter-output>
        </test-method> <!-- loginRegressionTest -->
        <test-method is-config="true" signature="tearDown(org.testng.ITestResult)[pri:0, instance:tests.LoginDDTTest@4efbca5a]" started-at="2026-03-17T18:53:04 GMT+07:00" name="tearDown" finished-at="2026-03-17T18:53:05 GMT+07:00" duration-ms="123" status="PASS">
          <params>
            <param index="0">
              <value>
                <![CDATA[[TestResult name=loginRegressionTest status=SUCCESS method=LoginDDTTest.loginRegressionTest(java.util.Map)[pri:0, instance:tests.LoginDDTTest@4efbca5a] output={null}]]]>
              </value>
            </param>
          </params>
          <reporter-output>
          </reporter-output>
        </test-method> <!-- tearDown -->
        <test-method is-config="true" signature="setUp(java.lang.String,java.lang.String)[pri:0, instance:tests.LoginDDTTest@4efbca5a]" started-at="2026-03-17T18:53:05 GMT+07:00" name="setUp" finished-at="2026-03-17T18:53:06 GMT+07:00" duration-ms="1272" status="PASS">
          <params>
            <param index="0">
              <value>
                <![CDATA[chrome]]>
              </value>
            </param>
            <param index="1">
              <value>
                <![CDATA[dev]]>
              </value>
            </param>
          </params>
          <reporter-output>
          </reporter-output>
        </test-method> <!-- setUp -->
        <test-method signature="loginRegressionTest(java.util.Map)[pri:0, instance:tests.LoginDDTTest@4efbca5a]" started-at="2026-03-17T18:53:06 GMT+07:00" name="loginRegressionTest" data-provider="loginData" finished-at="2026-03-17T18:53:06 GMT+07:00" duration-ms="307" status="PASS">
          <params>
            <param index="0">
              <value>
                <![CDATA[{description=Sai mật khẩu, password=wrong_pass, username=standard_user, expected_error=Username and password}]]>
              </value>
            </param>
          </params>
          <reporter-output>
          </reporter-output>
        </test-method> <!-- loginRegressionTest -->
        <test-method is-config="true" signature="tearDown(org.testng.ITestResult)[pri:0, instance:tests.LoginDDTTest@4efbca5a]" started-at="2026-03-17T18:53:06 GMT+07:00" name="tearDown" finished-at="2026-03-17T18:53:06 GMT+07:00" duration-ms="135" status="PASS">
          <params>
            <param index="0">
              <value>
                <![CDATA[[TestResult name=loginRegressionTest status=SUCCESS method=LoginDDTTest.loginRegressionTest(java.util.Map)[pri:0, instance:tests.LoginDDTTest@4efbca5a] output={null}]]]>
              </value>
            </param>
          </params>
          <reporter-output>
          </reporter-output>
        </test-method> <!-- tearDown -->
        <test-method is-config="true" signature="setUp(java.lang.String,java.lang.String)[pri:0, instance:tests.LoginDDTTest@4efbca5a]" started-at="2026-03-17T18:53:06 GMT+07:00" name="setUp" finished-at="2026-03-17T18:53:07 GMT+07:00" duration-ms="1214" status="PASS">
          <params>
            <param index="0">
              <value>
                <![CDATA[chrome]]>
              </value>
            </param>
            <param index="1">
              <value>
                <![CDATA[dev]]>
              </value>
            </param>
          </params>
          <reporter-output>
          </reporter-output>
        </test-method> <!-- setUp -->
        <test-method signature="loginRegressionTest(java.util.Map)[pri:0, instance:tests.LoginDDTTest@4efbca5a]" started-at="2026-03-17T18:53:07 GMT+07:00" name="loginRegressionTest" data-provider="loginData" finished-at="2026-03-17T18:53:08 GMT+07:00" duration-ms="281" status="PASS">
          <params>
            <param index="0">
              <value>
                <![CDATA[{description=User không tồn tại, password=123456, username=invalid_user, expected_error=Username and password}]]>
              </value>
            </param>
          </params>
          <reporter-output>
          </reporter-output>
        </test-method> <!-- loginRegressionTest -->
        <test-method is-config="true" signature="tearDown(org.testng.ITestResult)[pri:0, instance:tests.LoginDDTTest@4efbca5a]" started-at="2026-03-17T18:53:08 GMT+07:00" name="tearDown" finished-at="2026-03-17T18:53:08 GMT+07:00" duration-ms="161" status="PASS">
          <params>
            <param index="0">
              <value>
                <![CDATA[[TestResult name=loginRegressionTest status=SUCCESS method=LoginDDTTest.loginRegressionTest(java.util.Map)[pri:0, instance:tests.LoginDDTTest@4efbca5a] output={null}]]]>
              </value>
            </param>
          </params>
          <reporter-output>
          </reporter-output>
        </test-method> <!-- tearDown -->
        <test-method is-config="true" signature="setUp(java.lang.String,java.lang.String)[pri:0, instance:tests.LoginDDTTest@4efbca5a]" started-at="2026-03-17T18:53:08 GMT+07:00" name="setUp" finished-at="2026-03-17T18:53:09 GMT+07:00" duration-ms="1178" status="PASS">
          <params>
            <param index="0">
              <value>
                <![CDATA[chrome]]>
              </value>
            </param>
            <param index="1">
              <value>
                <![CDATA[dev]]>
              </value>
            </param>
          </params>
          <reporter-output>
          </reporter-output>
        </test-method> <!-- setUp -->
        <test-method signature="loginRegressionTest(java.util.Map)[pri:0, instance:tests.LoginDDTTest@4efbca5a]" started-at="2026-03-17T18:53:09 GMT+07:00" name="loginRegressionTest" data-provider="loginData" finished-at="2026-03-17T18:53:09 GMT+07:00" duration-ms="266" status="PASS">
          <params>
            <param index="0">
              <value>
                <![CDATA[{description=Bỏ trống username, password=secret_sauce, username=, expected_error=Username is required}]]>
              </value>
            </param>
          </params>
          <reporter-output>
          </reporter-output>
        </test-method> <!-- loginRegressionTest -->
        <test-method is-config="true" signature="tearDown(org.testng.ITestResult)[pri:0, instance:tests.LoginDDTTest@4efbca5a]" started-at="2026-03-17T18:53:09 GMT+07:00" name="tearDown" finished-at="2026-03-17T18:53:09 GMT+07:00" duration-ms="123" status="PASS">
          <params>
            <param index="0">
              <value>
                <![CDATA[[TestResult name=loginRegressionTest status=SUCCESS method=LoginDDTTest.loginRegressionTest(java.util.Map)[pri:0, instance:tests.LoginDDTTest@4efbca5a] output={null}]]]>
              </value>
            </param>
          </params>
          <reporter-output>
          </reporter-output>
        </test-method> <!-- tearDown -->
        <test-method is-config="true" signature="setUp(java.lang.String,java.lang.String)[pri:0, instance:tests.LoginDDTTest@4efbca5a]" started-at="2026-03-17T18:53:09 GMT+07:00" name="setUp" finished-at="2026-03-17T18:53:11 GMT+07:00" duration-ms="1195" status="PASS">
          <params>
            <param index="0">
              <value>
                <![CDATA[chrome]]>
              </value>
            </param>
            <param index="1">
              <value>
                <![CDATA[dev]]>
              </value>
            </param>
          </params>
          <reporter-output>
          </reporter-output>
        </test-method> <!-- setUp -->
        <test-method signature="loginRegressionTest(java.util.Map)[pri:0, instance:tests.LoginDDTTest@4efbca5a]" started-at="2026-03-17T18:53:11 GMT+07:00" name="loginRegressionTest" data-provider="loginData" finished-at="2026-03-17T18:53:11 GMT+07:00" duration-ms="313" status="PASS">
          <params>
            <param index="0">
              <value>
                <![CDATA[{description=Bỏ trống password, password=, username=standard_user, expected_error=Password is required}]]>
              </value>
            </param>
          </params>
          <reporter-output>
          </reporter-output>
        </test-method> <!-- loginRegressionTest -->
        <test-method is-config="true" signature="tearDown(org.testng.ITestResult)[pri:0, instance:tests.LoginDDTTest@4efbca5a]" started-at="2026-03-17T18:53:11 GMT+07:00" name="tearDown" finished-at="2026-03-17T18:53:11 GMT+07:00" duration-ms="146" status="PASS">
          <params>
            <param index="0">
              <value>
                <![CDATA[[TestResult name=loginRegressionTest status=SUCCESS method=LoginDDTTest.loginRegressionTest(java.util.Map)[pri:0, instance:tests.LoginDDTTest@4efbca5a] output={null}]]]>
              </value>
            </param>
          </params>
          <reporter-output>
          </reporter-output>
        </test-method> <!-- tearDown -->
      </class> <!-- tests.LoginDDTTest -->
    </test> <!-- Regression Test -->
  </suite> <!-- Regression Suite -->
</testng-results>
