<?xml version="1.0" encoding="UTF-8"?>
<!-- Generated by org.testng.reporters.JUnitXMLReporter -->
<testsuite ignored="0" hostname="LAPTOP-D1LMSN48" failures="1" tests="2" name="Parallel Test Bai 1" time="5.501" errors="0" timestamp="2026-03-17T16:58:07 GMT+07:00">
  <testcase classname="tests.SmokeTest" name="testOpenPage" time="0.025"/>
  <testcase classname="tests.SmokeTest" name="testFailExample" time="0.009">
    <failure type="java.lang.AssertionError" message="Cố tình fail để chụp màn hình expected [true] but found [false]">
      <![CDATA[java.lang.AssertionError: Cố tình fail để chụp màn hình expected [true] but found [false]
at tests.SmokeTest.testFailExample(SmokeTest.java:20)
at java.base/java.util.concurrent.Executors$RunnableAdapter.call(Executors.java:572)
at java.base/java.util.concurrent.FutureTask.run(FutureTask.java:317)
at java.base/java.util.concurrent.ThreadPoolExecutor.runWorker(ThreadPoolExecutor.java:1144)
at java.base/java.util.concurrent.ThreadPoolExecutor$Worker.run(ThreadPoolExecutor.java:642)
at java.base/java.lang.Thread.run(Thread.java:1575)
... Removed 14 stack frames]]>
    </failure>
  </testcase> <!-- testFailExample -->
</testsuite> <!-- Parallel Test Bai 1 -->
