<?xml version="1.0" encoding="UTF-8"?>
<!-- Generated by org.testng.reporters.JUnitXMLReporter -->
<testsuite ignored="0" hostname="LAPTOP-D1LMSN48" failures="0" tests="6" name="POM Test" time="20.052" errors="0" timestamp="2026-03-17T17:12:36 GMT+07:00">
  <testcase classname="tests.LoginTest" name="loginSuccess" time="1.244"/>
  <testcase classname="tests.LoginTest" name="loginErrorMessage" time="0.614"/>
  <testcase classname="tests.LoginTest" name="loginFail" time="0.433"/>
  <testcase classname="tests.CartTest" name="addItemToCart" time="0.517"/>
  <testcase classname="tests.CartTest" name="emptyCart" time="5.604"/>
  <testcase classname="tests.CartTest" name="removeItem" time="5.551"/>
</testsuite> <!-- POM Test -->
