<?xml version="1.0" encoding="UTF-8"?>
<!-- Generated by org.testng.reporters.JUnitXMLReporter -->
<testsuite ignored="0" hostname="LAPTOP-D1LMSN48" failures="0" tests="3" name="Regression Test" time="4.925" errors="0" timestamp="2026-03-17T19:37:17 GMT+07:00">
  <testcase classname="tests.FlakySimulationTest" name="testFlakyScenario" time="0.009">
    <skipped/>
  </testcase> <!-- testFlakyScenario -->
  <testcase classname="tests.FlakySimulationTest" name="testFlakyScenario" time="0.003">
    <skipped/>
  </testcase> <!-- testFlakyScenario -->
  <testcase classname="tests.FlakySimulationTest" name="testFlakyScenario" time="0.002"/>
</testsuite> <!-- Regression Test -->
