<?xml version="1.0" encoding="UTF-8"?>
<testng-results retried="2" ignored="2" total="34" passed="30" failed="0" skipped="0">
  <reporter-output>
  </reporter-output>
  <suite started-at="2026-03-17T19:46:06 GMT+07:00" name="Full Test Suite" finished-at="2026-03-17T19:47:58 GMT+07:00" duration-ms="111782">
    <groups>
      <group name="regression">
        <method signature="LoginDDTTest.loginRegressionTest(java.util.Map)[pri:0, instance:tests.LoginDDTTest@7dc0f706]" name="loginRegressionTest" class="tests.LoginDDTTest"/>
      </group> <!-- regression -->
      <group name="smoke">
        <method signature="LoginDDTTest.loginSmokeTest(java.util.Map)[pri:0, instance:tests.LoginDDTTest@7dc0f706]" name="loginSmokeTest" class="tests.LoginDDTTest"/>
      </group> <!-- smoke -->
    </groups>
    <test started-at="2026-03-17T19:46:06 GMT+07:00" name="All Tests" finished-at="2026-03-17T19:47:58 GMT+07:00" duration-ms="111782">
      <class name="tests.LoginTest">
        <test-method is-config="true" signature="setUp(java.lang.String,java.lang.String)[pri:0, instance:tests.LoginTest@1ce24091]" started-at="2026-03-17T19:46:06 GMT+07:00" name="setUp" finished-at="2026-03-17T19:46:08 GMT+07:00" duration-ms="2153" status="PASS">
          <params>
            <param index="0">
              <value>
                <![CDATA[chrome]]>
              </value>
            </param>
            <param index="1">
              <value>
                <![CDATA[dev]]>
              </value>
            </param>
          </params>
          <reporter-output>
          </reporter-output>
        </test-method> <!-- setUp -->
        <test-method signature="loginErrorMessage()[pri:0, instance:tests.LoginTest@1ce24091]" started-at="2026-03-17T19:46:08 GMT+07:00" name="loginErrorMessage" finished-at="2026-03-17T19:46:09 GMT+07:00" duration-ms="705" status="PASS">
          <reporter-output>
          </reporter-output>
        </test-method> <!-- loginErrorMessage -->
        <test-method is-config="true" signature="tearDown(org.testng.ITestResult)[pri:0, instance:tests.LoginTest@1ce24091]" started-at="2026-03-17T19:46:09 GMT+07:00" name="tearDown" finished-at="2026-03-17T19:46:09 GMT+07:00" duration-ms="171" status="PASS">
          <params>
            <param index="0">
              <value>
                <![CDATA[[TestResult name=loginErrorMessage status=SUCCESS method=LoginTest.loginErrorMessage()[pri:0, instance:tests.LoginTest@1ce24091] output={null}]]]>
              </value>
            </param>
          </params>
          <reporter-output>
          </reporter-output>
        </test-method> <!-- tearDown -->
        <test-method is-config="true" signature="setUp(java.lang.String,java.lang.String)[pri:0, instance:tests.LoginTest@1ce24091]" started-at="2026-03-17T19:46:09 GMT+07:00" name="setUp" finished-at="2026-03-17T19:46:10 GMT+07:00" duration-ms="1393" status="PASS">
          <params>
            <param index="0">
              <value>
                <![CDATA[chrome]]>
              </value>
            </param>
            <param index="1">
              <value>
                <![CDATA[dev]]>
              </value>
            </param>
          </params>
          <reporter-output>
          </reporter-output>
        </test-method> <!-- setUp -->
        <test-method signature="loginFail()[pri:0, instance:tests.LoginTest@1ce24091]" started-at="2026-03-17T19:46:10 GMT+07:00" name="loginFail" finished-at="2026-03-17T19:46:11 GMT+07:00" duration-ms="354" status="PASS">
          <reporter-output>
          </reporter-output>
        </test-method> <!-- loginFail -->
        <test-method is-config="true" signature="tearDown(org.testng.ITestResult)[pri:0, instance:tests.LoginTest@1ce24091]" started-at="2026-03-17T19:46:11 GMT+07:00" name="tearDown" finished-at="2026-03-17T19:46:11 GMT+07:00" duration-ms="115" status="PASS">
          <params>
            <param index="0">
              <value>
                <![CDATA[[TestResult name=loginFail status=SUCCESS method=LoginTest.loginFail()[pri:0, instance:tests.LoginTest@1ce24091] output={null}]]]>
              </value>
            </param>
          </params>
          <reporter-output>
          </reporter-output>
        </test-method> <!-- tearDown -->
        <test-method is-config="true" signature="setUp(java.lang.String,java.lang.String)[pri:0, instance:tests.LoginTest@1ce24091]" started-at="2026-03-17T19:46:11 GMT+07:00" name="setUp" finished-at="2026-03-17T19:46:12 GMT+07:00" duration-ms="1390" status="PASS">
          <params>
            <param index="0">
              <value>
                <![CDATA[chrome]]>
              </value>
            </param>
            <param index="1">
              <value>
                <![CDATA[dev]]>
              </value>
            </param>
          </params>
          <reporter-output>
          </reporter-output>
        </test-method> <!-- setUp -->
        <test-method signature="loginSuccess()[pri:0, instance:tests.LoginTest@1ce24091]" started-at="2026-03-17T19:46:12 GMT+07:00" name="loginSuccess" finished-at="2026-03-17T19:46:13 GMT+07:00" duration-ms="467" status="PASS">
          <reporter-output>
          </reporter-output>
        </test-method> <!-- loginSuccess -->
        <test-method is-config="true" signature="tearDown(org.testng.ITestResult)[pri:0, instance:tests.LoginTest@1ce24091]" started-at="2026-03-17T19:46:13 GMT+07:00" name="tearDown" finished-at="2026-03-17T19:46:13 GMT+07:00" duration-ms="117" status="PASS">
          <params>
            <param index="0">
              <value>
                <![CDATA[[TestResult name=loginSuccess status=SUCCESS method=LoginTest.loginSuccess()[pri:0, instance:tests.LoginTest@1ce24091] output={null}]]]>
              </value>
            </param>
          </params>
          <reporter-output>
          </reporter-output>
        </test-method> <!-- tearDown -->
      </class> <!-- tests.LoginTest -->
      <class name="tests.FlakySimulationTest">
        <test-method is-config="true" signature="setUp(java.lang.String,java.lang.String)[pri:0, instance:tests.FlakySimulationTest@1f59a598]" started-at="2026-03-17T19:47:38 GMT+07:00" name="setUp" finished-at="2026-03-17T19:47:55 GMT+07:00" duration-ms="17118" status="PASS">
          <params>
            <param index="0">
              <value>
                <![CDATA[chrome]]>
              </value>
            </param>
            <param index="1">
              <value>
                <![CDATA[dev]]>
              </value>
            </param>
          </params>
          <reporter-output>
          </reporter-output>
        </test-method> <!-- setUp -->
        <test-method retried="true" signature="testFlakyScenario()[pri:0, instance:tests.FlakySimulationTest@1f59a598]" started-at="2026-03-17T19:47:55 GMT+07:00" name="testFlakyScenario" description="Test mô phỏng flaky — fail 2 lần đầu, pass lần thứ 3" finished-at="2026-03-17T19:47:55 GMT+07:00" duration-ms="2" status="SKIP">
          <exception class="java.lang.AssertionError">
            <message>
              <![CDATA[Mô phỏng lỗi mạng tạm thời — lần 1]]>
            </message>
            <full-stacktrace>
              <![CDATA[java.lang.AssertionError: Mô phỏng lỗi mạng tạm thời — lần 1
at org.testng.Assert.fail(Assert.java:111)
at tests.FlakySimulationTest.testFlakyScenario(FlakySimulationTest.java:19)
at java.base/jdk.internal.reflect.DirectMethodHandleAccessor.invoke(DirectMethodHandleAccessor.java:103)
at java.base/java.lang.reflect.Method.invoke(Method.java:580)
at org.testng.internal.invokers.MethodInvocationHelper.invokeMethod(MethodInvocationHelper.java:139)
at org.testng.internal.invokers.TestInvoker.invokeMethod(TestInvoker.java:664)
at org.testng.internal.invokers.TestInvoker.invokeTestMethod(TestInvoker.java:228)
at org.testng.internal.invokers.MethodRunner.runInSequence(MethodRunner.java:63)
at org.testng.internal.invokers.TestInvoker$MethodInvocationAgent.invoke(TestInvoker.java:961)
at org.testng.internal.invokers.TestInvoker.invokeTestMethods(TestInvoker.java:201)
at org.testng.internal.invokers.TestMethodWorker.invokeTestMethods(TestMethodWorker.java:148)
at org.testng.internal.invokers.TestMethodWorker.run(TestMethodWorker.java:128)
at java.base/java.util.ArrayList.forEach(ArrayList.java:1597)
at org.testng.TestRunner.privateRun(TestRunner.java:819)
at org.testng.TestRunner.run(TestRunner.java:619)
at org.testng.SuiteRunner.runTest(SuiteRunner.java:443)
at org.testng.SuiteRunner.runSequentially(SuiteRunner.java:437)
at org.testng.SuiteRunner.privateRun(SuiteRunner.java:397)
at org.testng.SuiteRunner.run(SuiteRunner.java:336)
at org.testng.SuiteRunnerWorker.runSuite(SuiteRunnerWorker.java:52)
at org.testng.SuiteRunnerWorker.run(SuiteRunnerWorker.java:95)
at org.testng.TestNG.runSuitesSequentially(TestNG.java:1301)
at org.testng.TestNG.runSuitesLocally(TestNG.java:1228)
at org.testng.TestNG.runSuites(TestNG.java:1134)
at org.testng.TestNG.run(TestNG.java:1101)
at org.testng.remote.AbstractRemoteTestNG.run(AbstractRemoteTestNG.java:115)
at org.testng.remote.RemoteTestNG.initAndRun(RemoteTestNG.java:293)
at org.testng.remote.RemoteTestNG.main(RemoteTestNG.java:91)
]]>
            </full-stacktrace>
          </exception> <!-- java.lang.AssertionError -->
          <reporter-output>
          </reporter-output>
        </test-method> <!-- testFlakyScenario -->
        <test-method is-config="true" signature="tearDown(org.testng.ITestResult)[pri:0, instance:tests.FlakySimulationTest@1f59a598]" started-at="2026-03-17T19:47:55 GMT+07:00" name="tearDown" finished-at="2026-03-17T19:47:55 GMT+07:00" duration-ms="104" status="PASS">
          <params>
            <param index="0">
              <value>
                <![CDATA[[TestResult name=testFlakyScenario status=SKIP method=FlakySimulationTest.testFlakyScenario()[pri:0, instance:tests.FlakySimulationTest@1f59a598] output={null}]]]>
              </value>
            </param>
          </params>
          <reporter-output>
          </reporter-output>
        </test-method> <!-- tearDown -->
        <test-method is-config="true" signature="setUp(java.lang.String,java.lang.String)[pri:0, instance:tests.FlakySimulationTest@1f59a598]" started-at="2026-03-17T19:47:55 GMT+07:00" name="setUp" finished-at="2026-03-17T19:47:56 GMT+07:00" duration-ms="1243" status="PASS">
          <params>
            <param index="0">
              <value>
                <![CDATA[chrome]]>
              </value>
            </param>
            <param index="1">
              <value>
                <![CDATA[dev]]>
              </value>
            </param>
          </params>
          <reporter-output>
          </reporter-output>
        </test-method> <!-- setUp -->
        <test-method retried="true" signature="testFlakyScenario()[pri:0, instance:tests.FlakySimulationTest@1f59a598]" started-at="2026-03-17T19:47:56 GMT+07:00" name="testFlakyScenario" description="Test mô phỏng flaky — fail 2 lần đầu, pass lần thứ 3" finished-at="2026-03-17T19:47:56 GMT+07:00" duration-ms="1" status="SKIP">
          <exception class="java.lang.AssertionError">
            <message>
              <![CDATA[Mô phỏng lỗi mạng tạm thời — lần 2]]>
            </message>
            <full-stacktrace>
              <![CDATA[java.lang.AssertionError: Mô phỏng lỗi mạng tạm thời — lần 2
at org.testng.Assert.fail(Assert.java:111)
at tests.FlakySimulationTest.testFlakyScenario(FlakySimulationTest.java:19)
at java.base/jdk.internal.reflect.DirectMethodHandleAccessor.invoke(DirectMethodHandleAccessor.java:103)
at java.base/java.lang.reflect.Method.invoke(Method.java:580)
at org.testng.internal.invokers.MethodInvocationHelper.invokeMethod(MethodInvocationHelper.java:139)
at org.testng.internal.invokers.TestInvoker.invokeMethod(TestInvoker.java:664)
at org.testng.internal.invokers.TestInvoker.retryFailed(TestInvoker.java:249)
at org.testng.internal.invokers.MethodRunner.runInSequence(MethodRunner.java:76)
at org.testng.internal.invokers.TestInvoker$MethodInvocationAgent.invoke(TestInvoker.java:961)
at org.testng.internal.invokers.TestInvoker.invokeTestMethods(TestInvoker.java:201)
at org.testng.internal.invokers.TestMethodWorker.invokeTestMethods(TestMethodWorker.java:148)
at org.testng.internal.invokers.TestMethodWorker.run(TestMethodWorker.java:128)
at java.base/java.util.ArrayList.forEach(ArrayList.java:1597)
at org.testng.TestRunner.privateRun(TestRunner.java:819)
at org.testng.TestRunner.run(TestRunner.java:619)
at org.testng.SuiteRunner.runTest(SuiteRunner.java:443)
at org.testng.SuiteRunner.runSequentially(SuiteRunner.java:437)
at org.testng.SuiteRunner.privateRun(SuiteRunner.java:397)
at org.testng.SuiteRunner.run(SuiteRunner.java:336)
at org.testng.SuiteRunnerWorker.runSuite(SuiteRunnerWorker.java:52)
at org.testng.SuiteRunnerWorker.run(SuiteRunnerWorker.java:95)
at org.testng.TestNG.runSuitesSequentially(TestNG.java:1301)
at org.testng.TestNG.runSuitesLocally(TestNG.java:1228)
at org.testng.TestNG.runSuites(TestNG.java:1134)
at org.testng.TestNG.run(TestNG.java:1101)
at org.testng.remote.AbstractRemoteTestNG.run(AbstractRemoteTestNG.java:115)
at org.testng.remote.RemoteTestNG.initAndRun(RemoteTestNG.java:293)
at org.testng.remote.RemoteTestNG.main(RemoteTestNG.java:91)
]]>
            </full-stacktrace>
          </exception> <!-- java.lang.AssertionError -->
          <reporter-output>
          </reporter-output>
        </test-method> <!-- testFlakyScenario -->
        <test-method is-config="true" signature="tearDown(org.testng.ITestResult)[pri:0, instance:tests.FlakySimulationTest@1f59a598]" started-at="2026-03-17T19:47:56 GMT+07:00" name="tearDown" finished-at="2026-03-17T19:47:56 GMT+07:00" duration-ms="112" status="PASS">
          <params>
            <param index="0">
              <value>
                <![CDATA[[TestResult name=testFlakyScenario status=SKIP method=FlakySimulationTest.testFlakyScenario()[pri:0, instance:tests.FlakySimulationTest@1f59a598] output={null}]]]>
              </value>
            </param>
          </params>
          <reporter-output>
          </reporter-output>
        </test-method> <!-- tearDown -->
        <test-method is-config="true" signature="setUp(java.lang.String,java.lang.String)[pri:0, instance:tests.FlakySimulationTest@1f59a598]" started-at="2026-03-17T19:47:56 GMT+07:00" name="setUp" finished-at="2026-03-17T19:47:58 GMT+07:00" duration-ms="1338" status="PASS">
          <params>
            <param index="0">
              <value>
                <![CDATA[chrome]]>
              </value>
            </param>
            <param index="1">
              <value>
                <![CDATA[dev]]>
              </value>
            </param>
          </params>
          <reporter-output>
          </reporter-output>
        </test-method> <!-- setUp -->
        <test-method signature="testFlakyScenario()[pri:0, instance:tests.FlakySimulationTest@1f59a598]" started-at="2026-03-17T19:47:58 GMT+07:00" name="testFlakyScenario" description="Test mô phỏng flaky — fail 2 lần đầu, pass lần thứ 3" finished-at="2026-03-17T19:47:58 GMT+07:00" duration-ms="1" status="PASS">
          <reporter-output>
          </reporter-output>
        </test-method> <!-- testFlakyScenario -->
        <test-method is-config="true" signature="tearDown(org.testng.ITestResult)[pri:0, instance:tests.FlakySimulationTest@1f59a598]" started-at="2026-03-17T19:47:58 GMT+07:00" name="tearDown" finished-at="2026-03-17T19:47:58 GMT+07:00" duration-ms="128" status="PASS">
          <params>
            <param index="0">
              <value>
                <![CDATA[[TestResult name=testFlakyScenario status=SUCCESS method=FlakySimulationTest.testFlakyScenario()[pri:0, instance:tests.FlakySimulationTest@1f59a598] output={null}]]]>
              </value>
            </param>
          </params>
          <reporter-output>
          </reporter-output>
        </test-method> <!-- tearDown -->
      </class> <!-- tests.FlakySimulationTest -->
      <class name="tests.LoginDDTTest">
        <test-method is-config="true" signature="setUp(java.lang.String,java.lang.String)[pri:0, instance:tests.LoginDDTTest@7dc0f706]" started-at="2026-03-17T19:46:49 GMT+07:00" name="setUp" finished-at="2026-03-17T19:46:51 GMT+07:00" duration-ms="1372" status="PASS">
          <params>
            <param index="0">
              <value>
                <![CDATA[chrome]]>
              </value>
            </param>
            <param index="1">
              <value>
                <![CDATA[dev]]>
              </value>
            </param>
          </params>
          <reporter-output>
          </reporter-output>
        </test-method> <!-- setUp -->
        <test-method signature="loginRegressionTest(java.util.Map)[pri:0, instance:tests.LoginDDTTest@7dc0f706]" started-at="2026-03-17T19:46:51 GMT+07:00" name="loginRegressionTest" data-provider="loginData" finished-at="2026-03-17T19:46:51 GMT+07:00" duration-ms="369" status="PASS">
          <params>
            <param index="0">
              <value>
                <![CDATA[{description=Login thành công chuẩn 1, password=secret_sauce, expected_url=inventory.html, username=standard_user}]]>
              </value>
            </param>
          </params>
          <reporter-output>
          </reporter-output>
        </test-method> <!-- loginRegressionTest -->
        <test-method is-config="true" signature="setTestName(org.testng.ITestResult)[pri:0, instance:tests.LoginDDTTest@7dc0f706]" started-at="2026-03-17T19:46:51 GMT+07:00" name="setTestName" finished-at="2026-03-17T19:46:51 GMT+07:00" duration-ms="0" status="PASS">
          <params>
            <param index="0">
              <value>
                <![CDATA[[TestResult name=loginRegressionTest status=SUCCESS method=LoginDDTTest.loginRegressionTest(java.util.Map)[pri:0, instance:tests.LoginDDTTest@7dc0f706] output={null}]]]>
              </value>
            </param>
          </params>
          <reporter-output>
          </reporter-output>
        </test-method> <!-- setTestName -->
        <test-method is-config="true" signature="tearDown(org.testng.ITestResult)[pri:0, instance:tests.LoginDDTTest@7dc0f706]" started-at="2026-03-17T19:46:51 GMT+07:00" name="tearDown" finished-at="2026-03-17T19:46:51 GMT+07:00" duration-ms="122" status="PASS">
          <params>
            <param index="0">
              <value>
                <![CDATA[[TestResult name=loginRegressionTest status=SUCCESS method=LoginDDTTest.loginRegressionTest(java.util.Map)[pri:0, instance:tests.LoginDDTTest@7dc0f706] output={null}]]]>
              </value>
            </param>
          </params>
          <reporter-output>
          </reporter-output>
        </test-method> <!-- tearDown -->
        <test-method is-config="true" signature="setUp(java.lang.String,java.lang.String)[pri:0, instance:tests.LoginDDTTest@7dc0f706]" started-at="2026-03-17T19:46:51 GMT+07:00" name="setUp" finished-at="2026-03-17T19:46:52 GMT+07:00" duration-ms="1369" status="PASS">
          <params>
            <param index="0">
              <value>
                <![CDATA[chrome]]>
              </value>
            </param>
            <param index="1">
              <value>
                <![CDATA[dev]]>
              </value>
            </param>
          </params>
          <reporter-output>
          </reporter-output>
        </test-method> <!-- setUp -->
        <test-method signature="loginRegressionTest(java.util.Map)[pri:0, instance:tests.LoginDDTTest@7dc0f706]" started-at="2026-03-17T19:46:52 GMT+07:00" name="loginRegressionTest" data-provider="loginData" finished-at="2026-03-17T19:46:53 GMT+07:00" duration-ms="282" status="PASS">
          <params>
            <param index="0">
              <value>
                <![CDATA[{description=Login thành công chuẩn 2, password=secret_sauce, expected_url=inventory.html, username=problem_user}]]>
              </value>
            </param>
          </params>
          <reporter-output>
          </reporter-output>
        </test-method> <!-- loginRegressionTest -->
        <test-method is-config="true" signature="setTestName(org.testng.ITestResult)[pri:0, instance:tests.LoginDDTTest@7dc0f706]" started-at="2026-03-17T19:46:53 GMT+07:00" name="setTestName" finished-at="2026-03-17T19:46:53 GMT+07:00" duration-ms="0" status="PASS">
          <params>
            <param index="0">
              <value>
                <![CDATA[[TestResult name=loginRegressionTest status=SUCCESS method=LoginDDTTest.loginRegressionTest(java.util.Map)[pri:0, instance:tests.LoginDDTTest@7dc0f706] output={null}]]]>
              </value>
            </param>
          </params>
          <reporter-output>
          </reporter-output>
        </test-method> <!-- setTestName -->
        <test-method is-config="true" signature="tearDown(org.testng.ITestResult)[pri:0, instance:tests.LoginDDTTest@7dc0f706]" started-at="2026-03-17T19:46:53 GMT+07:00" name="tearDown" finished-at="2026-03-17T19:46:53 GMT+07:00" duration-ms="116" status="PASS">
          <params>
            <param index="0">
              <value>
                <![CDATA[[TestResult name=loginRegressionTest status=SUCCESS method=LoginDDTTest.loginRegressionTest(java.util.Map)[pri:0, instance:tests.LoginDDTTest@7dc0f706] output={null}]]]>
              </value>
            </param>
          </params>
          <reporter-output>
          </reporter-output>
        </test-method> <!-- tearDown -->
        <test-method is-config="true" signature="setUp(java.lang.String,java.lang.String)[pri:0, instance:tests.LoginDDTTest@7dc0f706]" started-at="2026-03-17T19:46:53 GMT+07:00" name="setUp" finished-at="2026-03-17T19:46:54 GMT+07:00" duration-ms="1249" status="PASS">
          <params>
            <param index="0">
              <value>
                <![CDATA[chrome]]>
              </value>
            </param>
            <param index="1">
              <value>
                <![CDATA[dev]]>
              </value>
            </param>
          </params>
          <reporter-output>
          </reporter-output>
        </test-method> <!-- setUp -->
        <test-method signature="loginRegressionTest(java.util.Map)[pri:0, instance:tests.LoginDDTTest@7dc0f706]" started-at="2026-03-17T19:46:54 GMT+07:00" name="loginRegressionTest" data-provider="loginData" finished-at="2026-03-17T19:46:59 GMT+07:00" duration-ms="5315" status="PASS">
          <params>
            <param index="0">
              <value>
                <![CDATA[{description=Login thành công chậm, password=secret_sauce, expected_url=inventory.html, username=performance_glitch_user}]]>
              </value>
            </param>
          </params>
          <reporter-output>
          </reporter-output>
        </test-method> <!-- loginRegressionTest -->
        <test-method is-config="true" signature="tearDown(org.testng.ITestResult)[pri:0, instance:tests.LoginDDTTest@7dc0f706]" started-at="2026-03-17T19:46:59 GMT+07:00" name="tearDown" finished-at="2026-03-17T19:47:00 GMT+07:00" duration-ms="124" status="PASS">
          <params>
            <param index="0">
              <value>
                <![CDATA[[TestResult name=loginRegressionTest status=SUCCESS method=LoginDDTTest.loginRegressionTest(java.util.Map)[pri:0, instance:tests.LoginDDTTest@7dc0f706] output={null}]]]>
              </value>
            </param>
          </params>
          <reporter-output>
          </reporter-output>
        </test-method> <!-- tearDown -->
        <test-method is-config="true" signature="setTestName(org.testng.ITestResult)[pri:0, instance:tests.LoginDDTTest@7dc0f706]" started-at="2026-03-17T19:46:59 GMT+07:00" name="setTestName" finished-at="2026-03-17T19:46:59 GMT+07:00" duration-ms="0" status="PASS">
          <params>
            <param index="0">
              <value>
                <![CDATA[[TestResult name=loginRegressionTest status=SUCCESS method=LoginDDTTest.loginRegressionTest(java.util.Map)[pri:0, instance:tests.LoginDDTTest@7dc0f706] output={null}]]]>
              </value>
            </param>
          </params>
          <reporter-output>
          </reporter-output>
        </test-method> <!-- setTestName -->
        <test-method is-config="true" signature="setUp(java.lang.String,java.lang.String)[pri:0, instance:tests.LoginDDTTest@7dc0f706]" started-at="2026-03-17T19:47:00 GMT+07:00" name="setUp" finished-at="2026-03-17T19:47:01 GMT+07:00" duration-ms="1340" status="PASS">
          <params>
            <param index="0">
              <value>
                <![CDATA[chrome]]>
              </value>
            </param>
            <param index="1">
              <value>
                <![CDATA[dev]]>
              </value>
            </param>
          </params>
          <reporter-output>
          </reporter-output>
        </test-method> <!-- setUp -->
        <test-method signature="loginRegressionTest(java.util.Map)[pri:0, instance:tests.LoginDDTTest@7dc0f706]" started-at="2026-03-17T19:47:01 GMT+07:00" name="loginRegressionTest" data-provider="loginData" finished-at="2026-03-17T19:47:01 GMT+07:00" duration-ms="321" status="PASS">
          <params>
            <param index="0">
              <value>
                <![CDATA[{description=, password=, expected_url=, username=}]]>
              </value>
            </param>
          </params>
          <reporter-output>
          </reporter-output>
        </test-method> <!-- loginRegressionTest -->
        <test-method is-config="true" signature="setTestName(org.testng.ITestResult)[pri:0, instance:tests.LoginDDTTest@7dc0f706]" started-at="2026-03-17T19:47:01 GMT+07:00" name="setTestName" finished-at="2026-03-17T19:47:01 GMT+07:00" duration-ms="0" status="PASS">
          <params>
            <param index="0">
              <value>
                <![CDATA[[TestResult name=loginRegressionTest status=SUCCESS method=LoginDDTTest.loginRegressionTest(java.util.Map)[pri:0, instance:tests.LoginDDTTest@7dc0f706] output={null}]]]>
              </value>
            </param>
          </params>
          <reporter-output>
          </reporter-output>
        </test-method> <!-- setTestName -->
        <test-method is-config="true" signature="tearDown(org.testng.ITestResult)[pri:0, instance:tests.LoginDDTTest@7dc0f706]" started-at="2026-03-17T19:47:01 GMT+07:00" name="tearDown" finished-at="2026-03-17T19:47:01 GMT+07:00" duration-ms="133" status="PASS">
          <params>
            <param index="0">
              <value>
                <![CDATA[[TestResult name=loginRegressionTest status=SUCCESS method=LoginDDTTest.loginRegressionTest(java.util.Map)[pri:0, instance:tests.LoginDDTTest@7dc0f706] output={null}]]]>
              </value>
            </param>
          </params>
          <reporter-output>
          </reporter-output>
        </test-method> <!-- tearDown -->
        <test-method is-config="true" signature="setUp(java.lang.String,java.lang.String)[pri:0, instance:tests.LoginDDTTest@7dc0f706]" started-at="2026-03-17T19:47:01 GMT+07:00" name="setUp" finished-at="2026-03-17T19:47:03 GMT+07:00" duration-ms="1247" status="PASS">
          <params>
            <param index="0">
              <value>
                <![CDATA[chrome]]>
              </value>
            </param>
            <param index="1">
              <value>
                <![CDATA[dev]]>
              </value>
            </param>
          </params>
          <reporter-output>
          </reporter-output>
        </test-method> <!-- setUp -->
        <test-method signature="loginRegressionTest(java.util.Map)[pri:0, instance:tests.LoginDDTTest@7dc0f706]" started-at="2026-03-17T19:47:03 GMT+07:00" name="loginRegressionTest" data-provider="loginData" finished-at="2026-03-17T19:47:03 GMT+07:00" duration-ms="340" status="PASS">
          <params>
            <param index="0">
              <value>
                <![CDATA[{description=Tài khoản bị khóa, password=secret_sauce, username=locked_out_user, expected_error=locked out}]]>
              </value>
            </param>
          </params>
          <reporter-output>
          </reporter-output>
        </test-method> <!-- loginRegressionTest -->
        <test-method is-config="true" signature="setTestName(org.testng.ITestResult)[pri:0, instance:tests.LoginDDTTest@7dc0f706]" started-at="2026-03-17T19:47:03 GMT+07:00" name="setTestName" finished-at="2026-03-17T19:47:03 GMT+07:00" duration-ms="0" status="PASS">
          <params>
            <param index="0">
              <value>
                <![CDATA[[TestResult name=loginRegressionTest status=SUCCESS method=LoginDDTTest.loginRegressionTest(java.util.Map)[pri:0, instance:tests.LoginDDTTest@7dc0f706] output={null}]]]>
              </value>
            </param>
          </params>
          <reporter-output>
          </reporter-output>
        </test-method> <!-- setTestName -->
        <test-method is-config="true" signature="tearDown(org.testng.ITestResult)[pri:0, instance:tests.LoginDDTTest@7dc0f706]" started-at="2026-03-17T19:47:03 GMT+07:00" name="tearDown" finished-at="2026-03-17T19:47:03 GMT+07:00" duration-ms="130" status="PASS">
          <params>
            <param index="0">
              <value>
                <![CDATA[[TestResult name=loginRegressionTest status=SUCCESS method=LoginDDTTest.loginRegressionTest(java.util.Map)[pri:0, instance:tests.LoginDDTTest@7dc0f706] output={null}]]]>
              </value>
            </param>
          </params>
          <reporter-output>
          </reporter-output>
        </test-method> <!-- tearDown -->
        <test-method is-config="true" signature="setUp(java.lang.String,java.lang.String)[pri:0, instance:tests.LoginDDTTest@7dc0f706]" started-at="2026-03-17T19:47:03 GMT+07:00" name="setUp" finished-at="2026-03-17T19:47:04 GMT+07:00" duration-ms="1255" status="PASS">
          <params>
            <param index="0">
              <value>
                <![CDATA[chrome]]>
              </value>
            </param>
            <param index="1">
              <value>
                <![CDATA[dev]]>
              </value>
            </param>
          </params>
          <reporter-output>
          </reporter-output>
        </test-method> <!-- setUp -->
        <test-method signature="loginRegressionTest(java.util.Map)[pri:0, instance:tests.LoginDDTTest@7dc0f706]" started-at="2026-03-17T19:47:04 GMT+07:00" name="loginRegressionTest" data-provider="loginData" finished-at="2026-03-17T19:47:05 GMT+07:00" duration-ms="281" status="PASS">
          <params>
            <param index="0">
              <value>
                <![CDATA[{description=Sai mật khẩu, password=wrong_pass, username=standard_user, expected_error=Username and password}]]>
              </value>
            </param>
          </params>
          <reporter-output>
          </reporter-output>
        </test-method> <!-- loginRegressionTest -->
        <test-method is-config="true" signature="tearDown(org.testng.ITestResult)[pri:0, instance:tests.LoginDDTTest@7dc0f706]" started-at="2026-03-17T19:47:05 GMT+07:00" name="tearDown" finished-at="2026-03-17T19:47:05 GMT+07:00" duration-ms="128" status="PASS">
          <params>
            <param index="0">
              <value>
                <![CDATA[[TestResult name=loginRegressionTest status=SUCCESS method=LoginDDTTest.loginRegressionTest(java.util.Map)[pri:0, instance:tests.LoginDDTTest@7dc0f706] output={null}]]]>
              </value>
            </param>
          </params>
          <reporter-output>
          </reporter-output>
        </test-method> <!-- tearDown -->
        <test-method is-config="true" signature="setTestName(org.testng.ITestResult)[pri:0, instance:tests.LoginDDTTest@7dc0f706]" started-at="2026-03-17T19:47:05 GMT+07:00" name="setTestName" finished-at="2026-03-17T19:47:05 GMT+07:00" duration-ms="0" status="PASS">
          <params>
            <param index="0">
              <value>
                <![CDATA[[TestResult name=loginRegressionTest status=SUCCESS method=LoginDDTTest.loginRegressionTest(java.util.Map)[pri:0, instance:tests.LoginDDTTest@7dc0f706] output={null}]]]>
              </value>
            </param>
          </params>
          <reporter-output>
          </reporter-output>
        </test-method> <!-- setTestName -->
        <test-method is-config="true" signature="setUp(java.lang.String,java.lang.String)[pri:0, instance:tests.LoginDDTTest@7dc0f706]" started-at="2026-03-17T19:47:05 GMT+07:00" name="setUp" finished-at="2026-03-17T19:47:06 GMT+07:00" duration-ms="1225" status="PASS">
          <params>
            <param index="0">
              <value>
                <![CDATA[chrome]]>
              </value>
            </param>
            <param index="1">
              <value>
                <![CDATA[dev]]>
              </value>
            </param>
          </params>
          <reporter-output>
          </reporter-output>
        </test-method> <!-- setUp -->
        <test-method signature="loginRegressionTest(java.util.Map)[pri:0, instance:tests.LoginDDTTest@7dc0f706]" started-at="2026-03-17T19:47:06 GMT+07:00" name="loginRegressionTest" data-provider="loginData" finished-at="2026-03-17T19:47:06 GMT+07:00" duration-ms="278" status="PASS">
          <params>
            <param index="0">
              <value>
                <![CDATA[{description=User không tồn tại, password=123456, username=invalid_user, expected_error=Username and password}]]>
              </value>
            </param>
          </params>
          <reporter-output>
          </reporter-output>
        </test-method> <!-- loginRegressionTest -->
        <test-method is-config="true" signature="tearDown(org.testng.ITestResult)[pri:0, instance:tests.LoginDDTTest@7dc0f706]" started-at="2026-03-17T19:47:06 GMT+07:00" name="tearDown" finished-at="2026-03-17T19:47:06 GMT+07:00" duration-ms="119" status="PASS">
          <params>
            <param index="0">
              <value>
                <![CDATA[[TestResult name=loginRegressionTest status=SUCCESS method=LoginDDTTest.loginRegressionTest(java.util.Map)[pri:0, instance:tests.LoginDDTTest@7dc0f706] output={null}]]]>
              </value>
            </param>
          </params>
          <reporter-output>
          </reporter-output>
        </test-method> <!-- tearDown -->
        <test-method is-config="true" signature="setTestName(org.testng.ITestResult)[pri:0, instance:tests.LoginDDTTest@7dc0f706]" started-at="2026-03-17T19:47:06 GMT+07:00" name="setTestName" finished-at="2026-03-17T19:47:06 GMT+07:00" duration-ms="0" status="PASS">
          <params>
            <param index="0">
              <value>
                <![CDATA[[TestResult name=loginRegressionTest status=SUCCESS method=LoginDDTTest.loginRegressionTest(java.util.Map)[pri:0, instance:tests.LoginDDTTest@7dc0f706] output={null}]]]>
              </value>
            </param>
          </params>
          <reporter-output>
          </reporter-output>
        </test-method> <!-- setTestName -->
        <test-method is-config="true" signature="setUp(java.lang.String,java.lang.String)[pri:0, instance:tests.LoginDDTTest@7dc0f706]" started-at="2026-03-17T19:47:06 GMT+07:00" name="setUp" finished-at="2026-03-17T19:47:08 GMT+07:00" duration-ms="1304" status="PASS">
          <params>
            <param index="0">
              <value>
                <![CDATA[chrome]]>
              </value>
            </param>
            <param index="1">
              <value>
                <![CDATA[dev]]>
              </value>
            </param>
          </params>
          <reporter-output>
          </reporter-output>
        </test-method> <!-- setUp -->
        <test-method signature="loginRegressionTest(java.util.Map)[pri:0, instance:tests.LoginDDTTest@7dc0f706]" started-at="2026-03-17T19:47:08 GMT+07:00" name="loginRegressionTest" data-provider="loginData" finished-at="2026-03-17T19:47:08 GMT+07:00" duration-ms="310" status="PASS">
          <params>
            <param index="0">
              <value>
                <![CDATA[{description=Bỏ trống username, password=secret_sauce, username=, expected_error=Username is required}]]>
              </value>
            </param>
          </params>
          <reporter-output>
          </reporter-output>
        </test-method> <!-- loginRegressionTest -->
        <test-method is-config="true" signature="tearDown(org.testng.ITestResult)[pri:0, instance:tests.LoginDDTTest@7dc0f706]" started-at="2026-03-17T19:47:08 GMT+07:00" name="tearDown" finished-at="2026-03-17T19:47:08 GMT+07:00" duration-ms="115" status="PASS">
          <params>
            <param index="0">
              <value>
                <![CDATA[[TestResult name=loginRegressionTest status=SUCCESS method=LoginDDTTest.loginRegressionTest(java.util.Map)[pri:0, instance:tests.LoginDDTTest@7dc0f706] output={null}]]]>
              </value>
            </param>
          </params>
          <reporter-output>
          </reporter-output>
        </test-method> <!-- tearDown -->
        <test-method is-config="true" signature="setTestName(org.testng.ITestResult)[pri:0, instance:tests.LoginDDTTest@7dc0f706]" started-at="2026-03-17T19:47:08 GMT+07:00" name="setTestName" finished-at="2026-03-17T19:47:08 GMT+07:00" duration-ms="0" status="PASS">
          <params>
            <param index="0">
              <value>
                <![CDATA[[TestResult name=loginRegressionTest status=SUCCESS method=LoginDDTTest.loginRegressionTest(java.util.Map)[pri:0, instance:tests.LoginDDTTest@7dc0f706] output={null}]]]>
              </value>
            </param>
          </params>
          <reporter-output>
          </reporter-output>
        </test-method> <!-- setTestName -->
        <test-method is-config="true" signature="setUp(java.lang.String,java.lang.String)[pri:0, instance:tests.LoginDDTTest@7dc0f706]" started-at="2026-03-17T19:47:08 GMT+07:00" name="setUp" finished-at="2026-03-17T19:47:10 GMT+07:00" duration-ms="1507" status="PASS">
          <params>
            <param index="0">
              <value>
                <![CDATA[chrome]]>
              </value>
            </param>
            <param index="1">
              <value>
                <![CDATA[dev]]>
              </value>
            </param>
          </params>
          <reporter-output>
          </reporter-output>
        </test-method> <!-- setUp -->
        <test-method signature="loginRegressionTest(java.util.Map)[pri:0, instance:tests.LoginDDTTest@7dc0f706]" started-at="2026-03-17T19:47:10 GMT+07:00" name="loginRegressionTest" data-provider="loginData" finished-at="2026-03-17T19:47:10 GMT+07:00" duration-ms="258" status="PASS">
          <params>
            <param index="0">
              <value>
                <![CDATA[{description=Bỏ trống password, password=, username=standard_user, expected_error=Password is required}]]>
              </value>
            </param>
          </params>
          <reporter-output>
          </reporter-output>
        </test-method> <!-- loginRegressionTest -->
        <test-method is-config="true" signature="setTestName(org.testng.ITestResult)[pri:0, instance:tests.LoginDDTTest@7dc0f706]" started-at="2026-03-17T19:47:10 GMT+07:00" name="setTestName" finished-at="2026-03-17T19:47:10 GMT+07:00" duration-ms="1" status="PASS">
          <params>
            <param index="0">
              <value>
                <![CDATA[[TestResult name=loginRegressionTest status=SUCCESS method=LoginDDTTest.loginRegressionTest(java.util.Map)[pri:0, instance:tests.LoginDDTTest@7dc0f706] output={null}]]]>
              </value>
            </param>
          </params>
          <reporter-output>
          </reporter-output>
        </test-method> <!-- setTestName -->
        <test-method is-config="true" signature="tearDown(org.testng.ITestResult)[pri:0, instance:tests.LoginDDTTest@7dc0f706]" started-at="2026-03-17T19:47:10 GMT+07:00" name="tearDown" finished-at="2026-03-17T19:47:10 GMT+07:00" duration-ms="104" status="PASS">
          <params>
            <param index="0">
              <value>
                <![CDATA[[TestResult name=loginRegressionTest status=SUCCESS method=LoginDDTTest.loginRegressionTest(java.util.Map)[pri:0, instance:tests.LoginDDTTest@7dc0f706] output={null}]]]>
              </value>
            </param>
          </params>
          <reporter-output>
          </reporter-output>
        </test-method> <!-- tearDown -->
        <test-method is-config="true" signature="setUp(java.lang.String,java.lang.String)[pri:0, instance:tests.LoginDDTTest@7dc0f706]" started-at="2026-03-17T19:47:10 GMT+07:00" name="setUp" finished-at="2026-03-17T19:47:11 GMT+07:00" duration-ms="1289" status="PASS">
          <params>
            <param index="0">
              <value>
                <![CDATA[chrome]]>
              </value>
            </param>
            <param index="1">
              <value>
                <![CDATA[dev]]>
              </value>
            </param>
          </params>
          <reporter-output>
          </reporter-output>
        </test-method> <!-- setUp -->
        <test-method signature="loginRegressionTest(java.util.Map)[pri:0, instance:tests.LoginDDTTest@7dc0f706]" started-at="2026-03-17T19:47:11 GMT+07:00" name="loginRegressionTest" data-provider="loginData" finished-at="2026-03-17T19:47:12 GMT+07:00" duration-ms="283" status="PASS">
          <params>
            <param index="0">
              <value>
                <![CDATA[{description=Tài khoản bị khóa, password=secret_sauce, username=locked_out_user, expected_error=locked out}]]>
              </value>
            </param>
          </params>
          <reporter-output>
          </reporter-output>
        </test-method> <!-- loginRegressionTest -->
        <test-method is-config="true" signature="setTestName(org.testng.ITestResult)[pri:0, instance:tests.LoginDDTTest@7dc0f706]" started-at="2026-03-17T19:47:12 GMT+07:00" name="setTestName" finished-at="2026-03-17T19:47:12 GMT+07:00" duration-ms="0" status="PASS">
          <params>
            <param index="0">
              <value>
                <![CDATA[[TestResult name=loginRegressionTest status=SUCCESS method=LoginDDTTest.loginRegressionTest(java.util.Map)[pri:0, instance:tests.LoginDDTTest@7dc0f706] output={null}]]]>
              </value>
            </param>
          </params>
          <reporter-output>
          </reporter-output>
        </test-method> <!-- setTestName -->
        <test-method is-config="true" signature="tearDown(org.testng.ITestResult)[pri:0, instance:tests.LoginDDTTest@7dc0f706]" started-at="2026-03-17T19:47:12 GMT+07:00" name="tearDown" finished-at="2026-03-17T19:47:12 GMT+07:00" duration-ms="129" status="PASS">
          <params>
            <param index="0">
              <value>
                <![CDATA[[TestResult name=loginRegressionTest status=SUCCESS method=LoginDDTTest.loginRegressionTest(java.util.Map)[pri:0, instance:tests.LoginDDTTest@7dc0f706] output={null}]]]>
              </value>
            </param>
          </params>
          <reporter-output>
          </reporter-output>
        </test-method> <!-- tearDown -->
        <test-method is-config="true" signature="setUp(java.lang.String,java.lang.String)[pri:0, instance:tests.LoginDDTTest@7dc0f706]" started-at="2026-03-17T19:47:12 GMT+07:00" name="setUp" finished-at="2026-03-17T19:47:13 GMT+07:00" duration-ms="1201" status="PASS">
          <params>
            <param index="0">
              <value>
                <![CDATA[chrome]]>
              </value>
            </param>
            <param index="1">
              <value>
                <![CDATA[dev]]>
              </value>
            </param>
          </params>
          <reporter-output>
          </reporter-output>
        </test-method> <!-- setUp -->
        <test-method signature="loginRegressionTest(java.util.Map)[pri:0, instance:tests.LoginDDTTest@7dc0f706]" started-at="2026-03-17T19:47:13 GMT+07:00" name="loginRegressionTest" data-provider="loginData" finished-at="2026-03-17T19:47:13 GMT+07:00" duration-ms="260" status="PASS">
          <params>
            <param index="0">
              <value>
                <![CDATA[{description=Sai mật khẩu, password=wrong_pass, username=standard_user, expected_error=Username and password}]]>
              </value>
            </param>
          </params>
          <reporter-output>
          </reporter-output>
        </test-method> <!-- loginRegressionTest -->
        <test-method is-config="true" signature="setTestName(org.testng.ITestResult)[pri:0, instance:tests.LoginDDTTest@7dc0f706]" started-at="2026-03-17T19:47:13 GMT+07:00" name="setTestName" finished-at="2026-03-17T19:47:13 GMT+07:00" duration-ms="1" status="PASS">
          <params>
            <param index="0">
              <value>
                <![CDATA[[TestResult name=loginRegressionTest status=SUCCESS method=LoginDDTTest.loginRegressionTest(java.util.Map)[pri:0, instance:tests.LoginDDTTest@7dc0f706] output={null}]]]>
              </value>
            </param>
          </params>
          <reporter-output>
          </reporter-output>
        </test-method> <!-- setTestName -->
        <test-method is-config="true" signature="tearDown(org.testng.ITestResult)[pri:0, instance:tests.LoginDDTTest@7dc0f706]" started-at="2026-03-17T19:47:13 GMT+07:00" name="tearDown" finished-at="2026-03-17T19:47:13 GMT+07:00" duration-ms="114" status="PASS">
          <params>
            <param index="0">
              <value>
                <![CDATA[[TestResult name=loginRegressionTest status=SUCCESS method=LoginDDTTest.loginRegressionTest(java.util.Map)[pri:0, instance:tests.LoginDDTTest@7dc0f706] output={null}]]]>
              </value>
            </param>
          </params>
          <reporter-output>
          </reporter-output>
        </test-method> <!-- tearDown -->
        <test-method is-config="true" signature="setUp(java.lang.String,java.lang.String)[pri:0, instance:tests.LoginDDTTest@7dc0f706]" started-at="2026-03-17T19:47:13 GMT+07:00" name="setUp" finished-at="2026-03-17T19:47:14 GMT+07:00" duration-ms="1135" status="PASS">
          <params>
            <param index="0">
              <value>
                <![CDATA[chrome]]>
              </value>
            </param>
            <param index="1">
              <value>
                <![CDATA[dev]]>
              </value>
            </param>
          </params>
          <reporter-output>
          </reporter-output>
        </test-method> <!-- setUp -->
        <test-method signature="loginRegressionTest(java.util.Map)[pri:0, instance:tests.LoginDDTTest@7dc0f706]" started-at="2026-03-17T19:47:14 GMT+07:00" name="loginRegressionTest" data-provider="loginData" finished-at="2026-03-17T19:47:15 GMT+07:00" duration-ms="264" status="PASS">
          <params>
            <param index="0">
              <value>
                <![CDATA[{description=User không tồn tại, password=123456, username=invalid_user, expected_error=Username and password}]]>
              </value>
            </param>
          </params>
          <reporter-output>
          </reporter-output>
        </test-method> <!-- loginRegressionTest -->
        <test-method is-config="true" signature="setTestName(org.testng.ITestResult)[pri:0, instance:tests.LoginDDTTest@7dc0f706]" started-at="2026-03-17T19:47:15 GMT+07:00" name="setTestName" finished-at="2026-03-17T19:47:15 GMT+07:00" duration-ms="1" status="PASS">
          <params>
            <param index="0">
              <value>
                <![CDATA[[TestResult name=loginRegressionTest status=SUCCESS method=LoginDDTTest.loginRegressionTest(java.util.Map)[pri:0, instance:tests.LoginDDTTest@7dc0f706] output={null}]]]>
              </value>
            </param>
          </params>
          <reporter-output>
          </reporter-output>
        </test-method> <!-- setTestName -->
        <test-method is-config="true" signature="tearDown(org.testng.ITestResult)[pri:0, instance:tests.LoginDDTTest@7dc0f706]" started-at="2026-03-17T19:47:15 GMT+07:00" name="tearDown" finished-at="2026-03-17T19:47:15 GMT+07:00" duration-ms="126" status="PASS">
          <params>
            <param index="0">
              <value>
                <![CDATA[[TestResult name=loginRegressionTest status=SUCCESS method=LoginDDTTest.loginRegressionTest(java.util.Map)[pri:0, instance:tests.LoginDDTTest@7dc0f706] output={null}]]]>
              </value>
            </param>
          </params>
          <reporter-output>
          </reporter-output>
        </test-method> <!-- tearDown -->
        <test-method is-config="true" signature="setUp(java.lang.String,java.lang.String)[pri:0, instance:tests.LoginDDTTest@7dc0f706]" started-at="2026-03-17T19:47:15 GMT+07:00" name="setUp" finished-at="2026-03-17T19:47:16 GMT+07:00" duration-ms="1162" status="PASS">
          <params>
            <param index="0">
              <value>
                <![CDATA[chrome]]>
              </value>
            </param>
            <param index="1">
              <value>
                <![CDATA[dev]]>
              </value>
            </param>
          </params>
          <reporter-output>
          </reporter-output>
        </test-method> <!-- setUp -->
        <test-method signature="loginRegressionTest(java.util.Map)[pri:0, instance:tests.LoginDDTTest@7dc0f706]" started-at="2026-03-17T19:47:16 GMT+07:00" name="loginRegressionTest" data-provider="loginData" finished-at="2026-03-17T19:47:16 GMT+07:00" duration-ms="265" status="PASS">
          <params>
            <param index="0">
              <value>
                <![CDATA[{description=Bỏ trống username, password=secret_sauce, username=, expected_error=Username is required}]]>
              </value>
            </param>
          </params>
          <reporter-output>
          </reporter-output>
        </test-method> <!-- loginRegressionTest -->
        <test-method is-config="true" signature="setTestName(org.testng.ITestResult)[pri:0, instance:tests.LoginDDTTest@7dc0f706]" started-at="2026-03-17T19:47:16 GMT+07:00" name="setTestName" finished-at="2026-03-17T19:47:16 GMT+07:00" duration-ms="0" status="PASS">
          <params>
            <param index="0">
              <value>
                <![CDATA[[TestResult name=loginRegressionTest status=SUCCESS method=LoginDDTTest.loginRegressionTest(java.util.Map)[pri:0, instance:tests.LoginDDTTest@7dc0f706] output={null}]]]>
              </value>
            </param>
          </params>
          <reporter-output>
          </reporter-output>
        </test-method> <!-- setTestName -->
        <test-method is-config="true" signature="tearDown(org.testng.ITestResult)[pri:0, instance:tests.LoginDDTTest@7dc0f706]" started-at="2026-03-17T19:47:16 GMT+07:00" name="tearDown" finished-at="2026-03-17T19:47:16 GMT+07:00" duration-ms="95" status="PASS">
          <params>
            <param index="0">
              <value>
                <![CDATA[[TestResult name=loginRegressionTest status=SUCCESS method=LoginDDTTest.loginRegressionTest(java.util.Map)[pri:0, instance:tests.LoginDDTTest@7dc0f706] output={null}]]]>
              </value>
            </param>
          </params>
          <reporter-output>
          </reporter-output>
        </test-method> <!-- tearDown -->
        <test-method is-config="true" signature="setUp(java.lang.String,java.lang.String)[pri:0, instance:tests.LoginDDTTest@7dc0f706]" started-at="2026-03-17T19:47:16 GMT+07:00" name="setUp" finished-at="2026-03-17T19:47:18 GMT+07:00" duration-ms="1246" status="PASS">
          <params>
            <param index="0">
              <value>
                <![CDATA[chrome]]>
              </value>
            </param>
            <param index="1">
              <value>
                <![CDATA[dev]]>
              </value>
            </param>
          </params>
          <reporter-output>
          </reporter-output>
        </test-method> <!-- setUp -->
        <test-method signature="loginRegressionTest(java.util.Map)[pri:0, instance:tests.LoginDDTTest@7dc0f706]" started-at="2026-03-17T19:47:18 GMT+07:00" name="loginRegressionTest" data-provider="loginData" finished-at="2026-03-17T19:47:18 GMT+07:00" duration-ms="258" status="PASS">
          <params>
            <param index="0">
              <value>
                <![CDATA[{description=Bỏ trống password, password=, username=standard_user, expected_error=Password is required}]]>
              </value>
            </param>
          </params>
          <reporter-output>
          </reporter-output>
        </test-method> <!-- loginRegressionTest -->
        <test-method is-config="true" signature="tearDown(org.testng.ITestResult)[pri:0, instance:tests.LoginDDTTest@7dc0f706]" started-at="2026-03-17T19:47:18 GMT+07:00" name="tearDown" finished-at="2026-03-17T19:47:18 GMT+07:00" duration-ms="103" status="PASS">
          <params>
            <param index="0">
              <value>
                <![CDATA[[TestResult name=loginRegressionTest status=SUCCESS method=LoginDDTTest.loginRegressionTest(java.util.Map)[pri:0, instance:tests.LoginDDTTest@7dc0f706] output={null}]]]>
              </value>
            </param>
          </params>
          <reporter-output>
          </reporter-output>
        </test-method> <!-- tearDown -->
        <test-method is-config="true" signature="setTestName(org.testng.ITestResult)[pri:0, instance:tests.LoginDDTTest@7dc0f706]" started-at="2026-03-17T19:47:18 GMT+07:00" name="setTestName" finished-at="2026-03-17T19:47:18 GMT+07:00" duration-ms="0" status="PASS">
          <params>
            <param index="0">
              <value>
                <![CDATA[[TestResult name=loginRegressionTest status=SUCCESS method=LoginDDTTest.loginRegressionTest(java.util.Map)[pri:0, instance:tests.LoginDDTTest@7dc0f706] output={null}]]]>
              </value>
            </param>
          </params>
          <reporter-output>
          </reporter-output>
        </test-method> <!-- setTestName -->
        <test-method is-config="true" signature="setUp(java.lang.String,java.lang.String)[pri:0, instance:tests.LoginDDTTest@7dc0f706]" started-at="2026-03-17T19:47:18 GMT+07:00" name="setUp" finished-at="2026-03-17T19:47:19 GMT+07:00" duration-ms="1385" status="PASS">
          <params>
            <param index="0">
              <value>
                <![CDATA[chrome]]>
              </value>
            </param>
            <param index="1">
              <value>
                <![CDATA[dev]]>
              </value>
            </param>
          </params>
          <reporter-output>
          </reporter-output>
        </test-method> <!-- setUp -->
        <test-method signature="loginSmokeTest(java.util.Map)[pri:0, instance:tests.LoginDDTTest@7dc0f706]" started-at="2026-03-17T19:47:19 GMT+07:00" name="loginSmokeTest" data-provider="loginData" finished-at="2026-03-17T19:47:20 GMT+07:00" duration-ms="272" status="PASS">
          <params>
            <param index="0">
              <value>
                <![CDATA[{description=Login thành công chuẩn 1, password=secret_sauce, expected_url=inventory.html, username=standard_user}]]>
              </value>
            </param>
          </params>
          <reporter-output>
          </reporter-output>
        </test-method> <!-- loginSmokeTest -->
        <test-method is-config="true" signature="setTestName(org.testng.ITestResult)[pri:0, instance:tests.LoginDDTTest@7dc0f706]" started-at="2026-03-17T19:47:20 GMT+07:00" name="setTestName" finished-at="2026-03-17T19:47:20 GMT+07:00" duration-ms="1" status="PASS">
          <params>
            <param index="0">
              <value>
                <![CDATA[[TestResult name=loginSmokeTest status=SUCCESS method=LoginDDTTest.loginSmokeTest(java.util.Map)[pri:0, instance:tests.LoginDDTTest@7dc0f706] output={null}]]]>
              </value>
            </param>
          </params>
          <reporter-output>
          </reporter-output>
        </test-method> <!-- setTestName -->
        <test-method is-config="true" signature="tearDown(org.testng.ITestResult)[pri:0, instance:tests.LoginDDTTest@7dc0f706]" started-at="2026-03-17T19:47:20 GMT+07:00" name="tearDown" finished-at="2026-03-17T19:47:20 GMT+07:00" duration-ms="95" status="PASS">
          <params>
            <param index="0">
              <value>
                <![CDATA[[TestResult name=loginSmokeTest status=SUCCESS method=LoginDDTTest.loginSmokeTest(java.util.Map)[pri:0, instance:tests.LoginDDTTest@7dc0f706] output={null}]]]>
              </value>
            </param>
          </params>
          <reporter-output>
          </reporter-output>
        </test-method> <!-- tearDown -->
        <test-method is-config="true" signature="setUp(java.lang.String,java.lang.String)[pri:0, instance:tests.LoginDDTTest@7dc0f706]" started-at="2026-03-17T19:47:20 GMT+07:00" name="setUp" finished-at="2026-03-17T19:47:21 GMT+07:00" duration-ms="1191" status="PASS">
          <params>
            <param index="0">
              <value>
                <![CDATA[chrome]]>
              </value>
            </param>
            <param index="1">
              <value>
                <![CDATA[dev]]>
              </value>
            </param>
          </params>
          <reporter-output>
          </reporter-output>
        </test-method> <!-- setUp -->
        <test-method signature="loginSmokeTest(java.util.Map)[pri:0, instance:tests.LoginDDTTest@7dc0f706]" started-at="2026-03-17T19:47:21 GMT+07:00" name="loginSmokeTest" data-provider="loginData" finished-at="2026-03-17T19:47:21 GMT+07:00" duration-ms="296" status="PASS">
          <params>
            <param index="0">
              <value>
                <![CDATA[{description=Login thành công chuẩn 2, password=secret_sauce, expected_url=inventory.html, username=problem_user}]]>
              </value>
            </param>
          </params>
          <reporter-output>
          </reporter-output>
        </test-method> <!-- loginSmokeTest -->
        <test-method is-config="true" signature="setTestName(org.testng.ITestResult)[pri:0, instance:tests.LoginDDTTest@7dc0f706]" started-at="2026-03-17T19:47:21 GMT+07:00" name="setTestName" finished-at="2026-03-17T19:47:21 GMT+07:00" duration-ms="1" status="PASS">
          <params>
            <param index="0">
              <value>
                <![CDATA[[TestResult name=loginSmokeTest status=SUCCESS method=LoginDDTTest.loginSmokeTest(java.util.Map)[pri:0, instance:tests.LoginDDTTest@7dc0f706] output={null}]]]>
              </value>
            </param>
          </params>
          <reporter-output>
          </reporter-output>
        </test-method> <!-- setTestName -->
        <test-method is-config="true" signature="tearDown(org.testng.ITestResult)[pri:0, instance:tests.LoginDDTTest@7dc0f706]" started-at="2026-03-17T19:47:21 GMT+07:00" name="tearDown" finished-at="2026-03-17T19:47:21 GMT+07:00" duration-ms="106" status="PASS">
          <params>
            <param index="0">
              <value>
                <![CDATA[[TestResult name=loginSmokeTest status=SUCCESS method=LoginDDTTest.loginSmokeTest(java.util.Map)[pri:0, instance:tests.LoginDDTTest@7dc0f706] output={null}]]]>
              </value>
            </param>
          </params>
          <reporter-output>
          </reporter-output>
        </test-method> <!-- tearDown -->
        <test-method is-config="true" signature="setUp(java.lang.String,java.lang.String)[pri:0, instance:tests.LoginDDTTest@7dc0f706]" started-at="2026-03-17T19:47:21 GMT+07:00" name="setUp" finished-at="2026-03-17T19:47:22 GMT+07:00" duration-ms="1186" status="PASS">
          <params>
            <param index="0">
              <value>
                <![CDATA[chrome]]>
              </value>
            </param>
            <param index="1">
              <value>
                <![CDATA[dev]]>
              </value>
            </param>
          </params>
          <reporter-output>
          </reporter-output>
        </test-method> <!-- setUp -->
        <test-method signature="loginSmokeTest(java.util.Map)[pri:0, instance:tests.LoginDDTTest@7dc0f706]" started-at="2026-03-17T19:47:22 GMT+07:00" name="loginSmokeTest" data-provider="loginData" finished-at="2026-03-17T19:47:28 GMT+07:00" duration-ms="5274" status="PASS">
          <params>
            <param index="0">
              <value>
                <![CDATA[{description=Login thành công chậm, password=secret_sauce, expected_url=inventory.html, username=performance_glitch_user}]]>
              </value>
            </param>
          </params>
          <reporter-output>
          </reporter-output>
        </test-method> <!-- loginSmokeTest -->
        <test-method is-config="true" signature="setTestName(org.testng.ITestResult)[pri:0, instance:tests.LoginDDTTest@7dc0f706]" started-at="2026-03-17T19:47:28 GMT+07:00" name="setTestName" finished-at="2026-03-17T19:47:28 GMT+07:00" duration-ms="0" status="PASS">
          <params>
            <param index="0">
              <value>
                <![CDATA[[TestResult name=loginSmokeTest status=SUCCESS method=LoginDDTTest.loginSmokeTest(java.util.Map)[pri:0, instance:tests.LoginDDTTest@7dc0f706] output={null}]]]>
              </value>
            </param>
          </params>
          <reporter-output>
          </reporter-output>
        </test-method> <!-- setTestName -->
        <test-method is-config="true" signature="tearDown(org.testng.ITestResult)[pri:0, instance:tests.LoginDDTTest@7dc0f706]" started-at="2026-03-17T19:47:28 GMT+07:00" name="tearDown" finished-at="2026-03-17T19:47:28 GMT+07:00" duration-ms="116" status="PASS">
          <params>
            <param index="0">
              <value>
                <![CDATA[[TestResult name=loginSmokeTest status=SUCCESS method=LoginDDTTest.loginSmokeTest(java.util.Map)[pri:0, instance:tests.LoginDDTTest@7dc0f706] output={null}]]]>
              </value>
            </param>
          </params>
          <reporter-output>
          </reporter-output>
        </test-method> <!-- tearDown -->
        <test-method is-config="true" signature="setUp(java.lang.String,java.lang.String)[pri:0, instance:tests.LoginDDTTest@7dc0f706]" started-at="2026-03-17T19:47:28 GMT+07:00" name="setUp" finished-at="2026-03-17T19:47:29 GMT+07:00" duration-ms="1258" status="PASS">
          <params>
            <param index="0">
              <value>
                <![CDATA[chrome]]>
              </value>
            </param>
            <param index="1">
              <value>
                <![CDATA[dev]]>
              </value>
            </param>
          </params>
          <reporter-output>
          </reporter-output>
        </test-method> <!-- setUp -->
        <test-method signature="loginSmokeTest(java.util.Map)[pri:0, instance:tests.LoginDDTTest@7dc0f706]" started-at="2026-03-17T19:47:29 GMT+07:00" name="loginSmokeTest" data-provider="loginData" finished-at="2026-03-17T19:47:29 GMT+07:00" duration-ms="234" status="PASS">
          <params>
            <param index="0">
              <value>
                <![CDATA[{description=, password=, expected_url=, username=}]]>
              </value>
            </param>
          </params>
          <reporter-output>
          </reporter-output>
        </test-method> <!-- loginSmokeTest -->
        <test-method is-config="true" signature="setTestName(org.testng.ITestResult)[pri:0, instance:tests.LoginDDTTest@7dc0f706]" started-at="2026-03-17T19:47:29 GMT+07:00" name="setTestName" finished-at="2026-03-17T19:47:29 GMT+07:00" duration-ms="1" status="PASS">
          <params>
            <param index="0">
              <value>
                <![CDATA[[TestResult name=loginSmokeTest status=SUCCESS method=LoginDDTTest.loginSmokeTest(java.util.Map)[pri:0, instance:tests.LoginDDTTest@7dc0f706] output={null}]]]>
              </value>
            </param>
          </params>
          <reporter-output>
          </reporter-output>
        </test-method> <!-- setTestName -->
        <test-method is-config="true" signature="tearDown(org.testng.ITestResult)[pri:0, instance:tests.LoginDDTTest@7dc0f706]" started-at="2026-03-17T19:47:29 GMT+07:00" name="tearDown" finished-at="2026-03-17T19:47:29 GMT+07:00" duration-ms="99" status="PASS">
          <params>
            <param index="0">
              <value>
                <![CDATA[[TestResult name=loginSmokeTest status=SUCCESS method=LoginDDTTest.loginSmokeTest(java.util.Map)[pri:0, instance:tests.LoginDDTTest@7dc0f706] output={null}]]]>
              </value>
            </param>
          </params>
          <reporter-output>
          </reporter-output>
        </test-method> <!-- tearDown -->
      </class> <!-- tests.LoginDDTTest -->
      <class name="tests.CartTest">
        <test-method is-config="true" signature="setUp(java.lang.String,java.lang.String)[pri:0, instance:tests.CartTest@3d34d211]" started-at="2026-03-17T19:46:13 GMT+07:00" name="setUp" finished-at="2026-03-17T19:46:14 GMT+07:00" duration-ms="1336" status="PASS">
          <params>
            <param index="0">
              <value>
                <![CDATA[chrome]]>
              </value>
            </param>
            <param index="1">
              <value>
                <![CDATA[dev]]>
              </value>
            </param>
          </params>
          <reporter-output>
          </reporter-output>
        </test-method> <!-- setUp -->
        <test-method signature="addItemToCart()[pri:0, instance:tests.CartTest@3d34d211]" started-at="2026-03-17T19:46:14 GMT+07:00" name="addItemToCart" finished-at="2026-03-17T19:46:15 GMT+07:00" duration-ms="391" status="PASS">
          <reporter-output>
          </reporter-output>
        </test-method> <!-- addItemToCart -->
        <test-method is-config="true" signature="tearDown(org.testng.ITestResult)[pri:0, instance:tests.CartTest@3d34d211]" started-at="2026-03-17T19:46:15 GMT+07:00" name="tearDown" finished-at="2026-03-17T19:46:15 GMT+07:00" duration-ms="121" status="PASS">
          <params>
            <param index="0">
              <value>
                <![CDATA[[TestResult name=addItemToCart status=SUCCESS method=CartTest.addItemToCart()[pri:0, instance:tests.CartTest@3d34d211] output={null}]]]>
              </value>
            </param>
          </params>
          <reporter-output>
          </reporter-output>
        </test-method> <!-- tearDown -->
        <test-method is-config="true" signature="setUp(java.lang.String,java.lang.String)[pri:0, instance:tests.CartTest@3d34d211]" started-at="2026-03-17T19:46:15 GMT+07:00" name="setUp" finished-at="2026-03-17T19:46:16 GMT+07:00" duration-ms="1204" status="PASS">
          <params>
            <param index="0">
              <value>
                <![CDATA[chrome]]>
              </value>
            </param>
            <param index="1">
              <value>
                <![CDATA[dev]]>
              </value>
            </param>
          </params>
          <reporter-output>
          </reporter-output>
        </test-method> <!-- setUp -->
        <test-method signature="emptyCart()[pri:0, instance:tests.CartTest@3d34d211]" started-at="2026-03-17T19:46:16 GMT+07:00" name="emptyCart" finished-at="2026-03-17T19:46:31 GMT+07:00" duration-ms="15477" status="PASS">
          <reporter-output>
          </reporter-output>
        </test-method> <!-- emptyCart -->
        <test-method is-config="true" signature="tearDown(org.testng.ITestResult)[pri:0, instance:tests.CartTest@3d34d211]" started-at="2026-03-17T19:46:31 GMT+07:00" name="tearDown" finished-at="2026-03-17T19:46:32 GMT+07:00" duration-ms="166" status="PASS">
          <params>
            <param index="0">
              <value>
                <![CDATA[[TestResult name=emptyCart status=SUCCESS method=CartTest.emptyCart()[pri:0, instance:tests.CartTest@3d34d211] output={null}]]]>
              </value>
            </param>
          </params>
          <reporter-output>
          </reporter-output>
        </test-method> <!-- tearDown -->
        <test-method is-config="true" signature="setUp(java.lang.String,java.lang.String)[pri:0, instance:tests.CartTest@3d34d211]" started-at="2026-03-17T19:46:32 GMT+07:00" name="setUp" finished-at="2026-03-17T19:46:33 GMT+07:00" duration-ms="1352" status="PASS">
          <params>
            <param index="0">
              <value>
                <![CDATA[chrome]]>
              </value>
            </param>
            <param index="1">
              <value>
                <![CDATA[dev]]>
              </value>
            </param>
          </params>
          <reporter-output>
          </reporter-output>
        </test-method> <!-- setUp -->
        <test-method signature="removeItem()[pri:0, instance:tests.CartTest@3d34d211]" started-at="2026-03-17T19:46:33 GMT+07:00" name="removeItem" finished-at="2026-03-17T19:46:48 GMT+07:00" duration-ms="15533" status="PASS">
          <reporter-output>
          </reporter-output>
        </test-method> <!-- removeItem -->
        <test-method is-config="true" signature="tearDown(org.testng.ITestResult)[pri:0, instance:tests.CartTest@3d34d211]" started-at="2026-03-17T19:46:48 GMT+07:00" name="tearDown" finished-at="2026-03-17T19:46:49 GMT+07:00" duration-ms="165" status="PASS">
          <params>
            <param index="0">
              <value>
                <![CDATA[[TestResult name=removeItem status=SUCCESS method=CartTest.removeItem()[pri:0, instance:tests.CartTest@3d34d211] output={null}]]]>
              </value>
            </param>
          </params>
          <reporter-output>
          </reporter-output>
        </test-method> <!-- tearDown -->
      </class> <!-- tests.CartTest -->
      <class name="tests.UserLoginTest">
        <test-method is-config="true" signature="setUp(java.lang.String,java.lang.String)[pri:0, instance:tests.UserLoginTest@7ee8290b]" started-at="2026-03-17T19:47:30 GMT+07:00" name="setUp" finished-at="2026-03-17T19:47:31 GMT+07:00" duration-ms="1272" status="PASS">
          <params>
            <param index="0">
              <value>
                <![CDATA[chrome]]>
              </value>
            </param>
            <param index="1">
              <value>
                <![CDATA[dev]]>
              </value>
            </param>
          </params>
          <reporter-output>
          </reporter-output>
        </test-method> <!-- setUp -->
        <test-method signature="loginWithJson(framework.model.UserData)[pri:0, instance:tests.UserLoginTest@7ee8290b]" started-at="2026-03-17T19:47:31 GMT+07:00" name="loginWithJson" data-provider="jsonUsers" finished-at="2026-03-17T19:47:31 GMT+07:00" duration-ms="293" status="PASS">
          <params>
            <param index="0">
              <value>
                <![CDATA[framework.model.UserData@3f31892e]]>
              </value>
            </param>
          </params>
          <reporter-output>
          </reporter-output>
        </test-method> <!-- loginWithJson -->
        <test-method is-config="true" signature="tearDown(org.testng.ITestResult)[pri:0, instance:tests.UserLoginTest@7ee8290b]" started-at="2026-03-17T19:47:31 GMT+07:00" name="tearDown" finished-at="2026-03-17T19:47:31 GMT+07:00" duration-ms="122" status="PASS">
          <params>
            <param index="0">
              <value>
                <![CDATA[[TestResult name=loginWithJson status=SUCCESS method=UserLoginTest.loginWithJson(framework.model.UserData)[pri:0, instance:tests.UserLoginTest@7ee8290b] output={null}]]]>
              </value>
            </param>
          </params>
          <reporter-output>
          </reporter-output>
        </test-method> <!-- tearDown -->
        <test-method is-config="true" signature="setUp(java.lang.String,java.lang.String)[pri:0, instance:tests.UserLoginTest@7ee8290b]" started-at="2026-03-17T19:47:31 GMT+07:00" name="setUp" finished-at="2026-03-17T19:47:33 GMT+07:00" duration-ms="1199" status="PASS">
          <params>
            <param index="0">
              <value>
                <![CDATA[chrome]]>
              </value>
            </param>
            <param index="1">
              <value>
                <![CDATA[dev]]>
              </value>
            </param>
          </params>
          <reporter-output>
          </reporter-output>
        </test-method> <!-- setUp -->
        <test-method signature="loginWithJson(framework.model.UserData)[pri:0, instance:tests.UserLoginTest@7ee8290b]" started-at="2026-03-17T19:47:33 GMT+07:00" name="loginWithJson" data-provider="jsonUsers" finished-at="2026-03-17T19:47:33 GMT+07:00" duration-ms="258" status="PASS">
          <params>
            <param index="0">
              <value>
                <![CDATA[framework.model.UserData@4c678a1f]]>
              </value>
            </param>
          </params>
          <reporter-output>
          </reporter-output>
        </test-method> <!-- loginWithJson -->
        <test-method is-config="true" signature="tearDown(org.testng.ITestResult)[pri:0, instance:tests.UserLoginTest@7ee8290b]" started-at="2026-03-17T19:47:33 GMT+07:00" name="tearDown" finished-at="2026-03-17T19:47:33 GMT+07:00" duration-ms="99" status="PASS">
          <params>
            <param index="0">
              <value>
                <![CDATA[[TestResult name=loginWithJson status=SUCCESS method=UserLoginTest.loginWithJson(framework.model.UserData)[pri:0, instance:tests.UserLoginTest@7ee8290b] output={null}]]]>
              </value>
            </param>
          </params>
          <reporter-output>
          </reporter-output>
        </test-method> <!-- tearDown -->
        <test-method is-config="true" signature="setUp(java.lang.String,java.lang.String)[pri:0, instance:tests.UserLoginTest@7ee8290b]" started-at="2026-03-17T19:47:33 GMT+07:00" name="setUp" finished-at="2026-03-17T19:47:34 GMT+07:00" duration-ms="1175" status="PASS">
          <params>
            <param index="0">
              <value>
                <![CDATA[chrome]]>
              </value>
            </param>
            <param index="1">
              <value>
                <![CDATA[dev]]>
              </value>
            </param>
          </params>
          <reporter-output>
          </reporter-output>
        </test-method> <!-- setUp -->
        <test-method signature="loginWithJson(framework.model.UserData)[pri:0, instance:tests.UserLoginTest@7ee8290b]" started-at="2026-03-17T19:47:34 GMT+07:00" name="loginWithJson" data-provider="jsonUsers" finished-at="2026-03-17T19:47:34 GMT+07:00" duration-ms="291" status="PASS">
          <params>
            <param index="0">
              <value>
                <![CDATA[framework.model.UserData@682270ff]]>
              </value>
            </param>
          </params>
          <reporter-output>
          </reporter-output>
        </test-method> <!-- loginWithJson -->
        <test-method is-config="true" signature="tearDown(org.testng.ITestResult)[pri:0, instance:tests.UserLoginTest@7ee8290b]" started-at="2026-03-17T19:47:34 GMT+07:00" name="tearDown" finished-at="2026-03-17T19:47:34 GMT+07:00" duration-ms="103" status="PASS">
          <params>
            <param index="0">
              <value>
                <![CDATA[[TestResult name=loginWithJson status=SUCCESS method=UserLoginTest.loginWithJson(framework.model.UserData)[pri:0, instance:tests.UserLoginTest@7ee8290b] output={null}]]]>
              </value>
            </param>
          </params>
          <reporter-output>
          </reporter-output>
        </test-method> <!-- tearDown -->
        <test-method is-config="true" signature="setUp(java.lang.String,java.lang.String)[pri:0, instance:tests.UserLoginTest@7ee8290b]" started-at="2026-03-17T19:47:34 GMT+07:00" name="setUp" finished-at="2026-03-17T19:47:36 GMT+07:00" duration-ms="1257" status="PASS">
          <params>
            <param index="0">
              <value>
                <![CDATA[chrome]]>
              </value>
            </param>
            <param index="1">
              <value>
                <![CDATA[dev]]>
              </value>
            </param>
          </params>
          <reporter-output>
          </reporter-output>
        </test-method> <!-- setUp -->
        <test-method signature="loginWithJson(framework.model.UserData)[pri:0, instance:tests.UserLoginTest@7ee8290b]" started-at="2026-03-17T19:47:36 GMT+07:00" name="loginWithJson" data-provider="jsonUsers" finished-at="2026-03-17T19:47:36 GMT+07:00" duration-ms="254" status="PASS">
          <params>
            <param index="0">
              <value>
                <![CDATA[framework.model.UserData@32eac39b]]>
              </value>
            </param>
          </params>
          <reporter-output>
          </reporter-output>
        </test-method> <!-- loginWithJson -->
        <test-method is-config="true" signature="tearDown(org.testng.ITestResult)[pri:0, instance:tests.UserLoginTest@7ee8290b]" started-at="2026-03-17T19:47:36 GMT+07:00" name="tearDown" finished-at="2026-03-17T19:47:36 GMT+07:00" duration-ms="107" status="PASS">
          <params>
            <param index="0">
              <value>
                <![CDATA[[TestResult name=loginWithJson status=SUCCESS method=UserLoginTest.loginWithJson(framework.model.UserData)[pri:0, instance:tests.UserLoginTest@7ee8290b] output={null}]]]>
              </value>
            </param>
          </params>
          <reporter-output>
          </reporter-output>
        </test-method> <!-- tearDown -->
        <test-method is-config="true" signature="setUp(java.lang.String,java.lang.String)[pri:0, instance:tests.UserLoginTest@7ee8290b]" started-at="2026-03-17T19:47:36 GMT+07:00" name="setUp" finished-at="2026-03-17T19:47:37 GMT+07:00" duration-ms="1159" status="PASS">
          <params>
            <param index="0">
              <value>
                <![CDATA[chrome]]>
              </value>
            </param>
            <param index="1">
              <value>
                <![CDATA[dev]]>
              </value>
            </param>
          </params>
          <reporter-output>
          </reporter-output>
        </test-method> <!-- setUp -->
        <test-method signature="loginWithJson(framework.model.UserData)[pri:0, instance:tests.UserLoginTest@7ee8290b]" started-at="2026-03-17T19:47:37 GMT+07:00" name="loginWithJson" data-provider="jsonUsers" finished-at="2026-03-17T19:47:38 GMT+07:00" duration-ms="254" status="PASS">
          <params>
            <param index="0">
              <value>
                <![CDATA[framework.model.UserData@21ebf9be]]>
              </value>
            </param>
          </params>
          <reporter-output>
          </reporter-output>
        </test-method> <!-- loginWithJson -->
        <test-method is-config="true" signature="tearDown(org.testng.ITestResult)[pri:0, instance:tests.UserLoginTest@7ee8290b]" started-at="2026-03-17T19:47:38 GMT+07:00" name="tearDown" finished-at="2026-03-17T19:47:38 GMT+07:00" duration-ms="104" status="PASS">
          <params>
            <param index="0">
              <value>
                <![CDATA[[TestResult name=loginWithJson status=SUCCESS method=UserLoginTest.loginWithJson(framework.model.UserData)[pri:0, instance:tests.UserLoginTest@7ee8290b] output={null}]]]>
              </value>
            </param>
          </params>
          <reporter-output>
          </reporter-output>
        </test-method> <!-- tearDown -->
      </class> <!-- tests.UserLoginTest -->
    </test> <!-- All Tests -->
  </suite> <!-- Full Test Suite -->
</testng-results>
