<?xml version="1.0" encoding="UTF-8"?>
<testng-results ignored="0" total="2" passed="2" failed="0" skipped="0">
  <reporter-output>
  </reporter-output>
  <suite started-at="2026-03-03T17:19:19 GMT+07:00" name="CartSuite" finished-at="2026-03-03T17:19:26 GMT+07:00" duration-ms="7599">
    <groups>
    </groups>
    <test started-at="2026-03-03T17:19:19 GMT+07:00" name="CartTests" finished-at="2026-03-03T17:19:26 GMT+07:00" duration-ms="7599">
      <class name="dtm.tests.TC_GioHangTest">
        <test-method is-config="true" signature="setup()[pri:0, instance:dtm.tests.TC_GioHangTest@31190526]" started-at="2026-03-03T17:19:19 GMT+07:00" name="setup" finished-at="2026-03-03T17:19:22 GMT+07:00" duration-ms="2676" status="PASS">
          <reporter-output>
          </reporter-output>
        </test-method> <!-- setup -->
        <test-method is-config="true" signature="login()[pri:0, instance:dtm.tests.TC_GioHangTest@31190526]" started-at="2026-03-03T17:19:22 GMT+07:00" name="login" finished-at="2026-03-03T17:19:23 GMT+07:00" duration-ms="1684" status="PASS">
          <reporter-output>
          </reporter-output>
        </test-method> <!-- login -->
        <test-method signature="TC_CART_001_Them1SP()[pri:0, instance:dtm.tests.TC_GioHangTest@31190526]" started-at="2026-03-03T17:19:23 GMT+07:00" name="TC_CART_001_Them1SP" finished-at="2026-03-03T17:19:24 GMT+07:00" duration-ms="314" status="PASS">
          <reporter-output>
          </reporter-output>
        </test-method> <!-- TC_CART_001_Them1SP -->
        <test-method is-config="true" signature="tearDown()[pri:0, instance:dtm.tests.TC_GioHangTest@31190526]" started-at="2026-03-03T17:19:24 GMT+07:00" name="tearDown" finished-at="2026-03-03T17:19:24 GMT+07:00" duration-ms="336" status="PASS">
          <reporter-output>
          </reporter-output>
        </test-method> <!-- tearDown -->
        <test-method is-config="true" signature="setup()[pri:0, instance:dtm.tests.TC_GioHangTest@31190526]" started-at="2026-03-03T17:19:24 GMT+07:00" name="setup" finished-at="2026-03-03T17:19:25 GMT+07:00" duration-ms="1370" status="PASS">
          <reporter-output>
          </reporter-output>
        </test-method> <!-- setup -->
        <test-method is-config="true" signature="login()[pri:0, instance:dtm.tests.TC_GioHangTest@31190526]" started-at="2026-03-03T17:19:25 GMT+07:00" name="login" finished-at="2026-03-03T17:19:26 GMT+07:00" duration-ms="842" status="PASS">
          <reporter-output>
          </reporter-output>
        </test-method> <!-- login -->
        <test-method signature="TC_CART_002_SortGiaTangDan()[pri:0, instance:dtm.tests.TC_GioHangTest@31190526]" started-at="2026-03-03T17:19:26 GMT+07:00" name="TC_CART_002_SortGiaTangDan" finished-at="2026-03-03T17:19:26 GMT+07:00" duration-ms="180" status="PASS">
          <reporter-output>
          </reporter-output>
        </test-method> <!-- TC_CART_002_SortGiaTangDan -->
        <test-method is-config="true" signature="tearDown()[pri:0, instance:dtm.tests.TC_GioHangTest@31190526]" started-at="2026-03-03T17:19:26 GMT+07:00" name="tearDown" finished-at="2026-03-03T17:19:26 GMT+07:00" duration-ms="155" status="PASS">
          <reporter-output>
          </reporter-output>
        </test-method> <!-- tearDown -->
      </class> <!-- dtm.tests.TC_GioHangTest -->
    </test> <!-- CartTests -->
  </suite> <!-- CartSuite -->
</testng-results>
