<?xml version="1.0" encoding="UTF-8"?>
<!-- Generated by org.testng.reporters.JUnitReportReporter -->
<testsuite hostname="LAPTOP-D1LMSN48" failures="0" tests="2" name="dtm.tests.TC_GioHangTest" time="7.557" errors="0" timestamp="2026-03-03T17:19:27 GMT+07:00" skipped="0">
  <testcase classname="dtm.tests.TC_GioHangTest" name="TC_CART_002_SortGiaTangDan" time="3.570"/>
  <testcase classname="dtm.tests.TC_GioHangTest" name="TC_CART_001_Them1SP" time="3.987"/>
</testsuite> <!-- dtm.tests.TC_GioHangTest -->
