<?xml version="1.0" encoding="UTF-8"?>
<!-- Generated by org.testng.reporters.JUnitXMLReporter -->
<testsuite ignored="3" hostname="LAPTOP-D1LMSN48" failures="3" tests="3" name="RegressionTests" time="0.012" errors="0" timestamp="2026-03-10T15:20:59 GMT+07:00">
  <testcase classname="lab8.LoginTest" name="testLoginFail" time="0.002">
    <failure type="java.lang.NullPointerException" message="Cannot invoke &amp;quot;org.openqa.selenium.WebDriver.findElement(org.openqa.selenium.By)&amp;quot; because &amp;quot;this.driver&amp;quot; is null">
      <![CDATA[java.lang.NullPointerException: Cannot invoke "org.openqa.selenium.WebDriver.findElement(org.openqa.selenium.By)" because "this.driver" is null
at lab8.LoginTest.testLoginFail(LoginTest.java:22)
at java.base/java.util.ArrayList.forEach(ArrayList.java:1597)
... Removed 25 stack frames]]>
    </failure>
  </testcase> <!-- testLoginFail -->
  <testcase classname="lab8.CartTest" name="testRemoveCart" time="0.001">
    <failure type="java.lang.NullPointerException" message="Cannot invoke &amp;quot;org.openqa.selenium.WebDriver.findElement(org.openqa.selenium.By)&amp;quot; because &amp;quot;this.driver&amp;quot; is null">
      <![CDATA[java.lang.NullPointerException: Cannot invoke "org.openqa.selenium.WebDriver.findElement(org.openqa.selenium.By)" because "this.driver" is null
at lab8.CartTest.login(CartTest.java:36)
at lab8.CartTest.testRemoveCart(CartTest.java:24)
at java.base/java.util.ArrayList.forEach(ArrayList.java:1597)
... Removed 25 stack frames]]>
    </failure>
  </testcase> <!-- testRemoveCart -->
  <testcase classname="lab8.CheckoutTest" name="testInventoryLoaded" time="0.001">
    <failure type="java.lang.NullPointerException" message="Cannot invoke &amp;quot;org.openqa.selenium.WebDriver.getPageSource()&amp;quot; because &amp;quot;this.driver&amp;quot; is null">
      <![CDATA[java.lang.NullPointerException: Cannot invoke "org.openqa.selenium.WebDriver.getPageSource()" because "this.driver" is null
at lab8.CheckoutTest.testInventoryLoaded(CheckoutTest.java:49)
at java.base/java.util.ArrayList.forEach(ArrayList.java:1597)
... Removed 25 stack frames]]>
    </failure>
  </testcase> <!-- testInventoryLoaded -->
  <testcase classname="lab8.CartTest" name="testAddToCart" time="0.0">
    <ignored/>
  </testcase> <!-- testAddToCart -->
  <testcase classname="lab8.LoginTest" name="testLoginSuccess" time="0.0">
    <ignored/>
  </testcase> <!-- testLoginSuccess -->
  <testcase classname="lab8.CheckoutTest" name="testCheckoutButton" time="0.0">
    <ignored/>
  </testcase> <!-- testCheckoutButton -->
</testsuite> <!-- RegressionTests -->
