<?xml version="1.0" encoding="UTF-8"?>
<!-- Generated by org.testng.reporters.JUnitXMLReporter -->
<testsuite ignored="0" hostname="LAPTOP-D1LMSN48" failures="0" tests="5" name="Default test" time="0.053" errors="0" timestamp="2026-03-10T17:29:01 GMT+07:00">
  <testcase classname="lab82.VayVonMCDCTest" name="testAllTrue" time="0.019"/>
  <testcase classname="lab82.VayVonMCDCTest" name="testCollateralCase" time="0.001"/>
  <testcase classname="lab82.VayVonMCDCTest" name="testCreditScoreFail" time="0.001"/>
  <testcase classname="lab82.VayVonMCDCTest" name="testInvalidAge" time="0.001"/>
  <testcase classname="lab82.VayVonMCDCTest" name="testLowIncome" time="0.001"/>
</testsuite> <!-- Default test -->
