<?xml version="1.0" encoding="UTF-8"?>
<!-- Generated by org.testng.reporters.JUnitReportReporter -->
<testsuite hostname="LAPTOP-D1LMSN48" failures="0" tests="18" name="tests.LoginDDTTest" time="40.161" errors="0" timestamp="2026-03-17T19:47:58 GMT+07:00" skipped="0">
  <testcase classname="tests.LoginDDTTest" name="loginRegressionTest" time="1.630"/>
  <testcase classname="tests.LoginDDTTest" name="loginSmokeTest" time="6.579"/>
  <testcase classname="tests.LoginDDTTest" name="loginRegressionTest" time="1.767"/>
  <testcase classname="tests.LoginDDTTest" name="loginRegressionTest" time="1.699"/>
  <testcase classname="tests.LoginDDTTest" name="loginRegressionTest" time="1.665"/>
  <testcase classname="tests.LoginDDTTest" name="loginRegressionTest" time="1.762"/>
  <testcase classname="tests.LoginDDTTest" name="loginSmokeTest" time="1.671"/>
  <testcase classname="tests.LoginDDTTest" name="loginRegressionTest" time="1.857"/>
  <testcase classname="tests.LoginDDTTest" name="loginRegressionTest" time="1.514"/>
  <testcase classname="tests.LoginDDTTest" name="loginRegressionTest" time="1.672"/>
  <testcase classname="tests.LoginDDTTest" name="loginRegressionTest" time="1.578"/>
  <testcase classname="tests.LoginDDTTest" name="loginRegressionTest" time="1.655"/>
  <testcase classname="tests.LoginDDTTest" name="loginRegressionTest" time="1.631"/>
  <testcase classname="tests.LoginDDTTest" name="loginSmokeTest" time="1.588"/>
  <testcase classname="tests.LoginDDTTest" name="loginSmokeTest" time="1.630"/>
  <testcase classname="tests.LoginDDTTest" name="loginRegressionTest" time="1.602"/>
  <testcase classname="tests.LoginDDTTest" name="loginRegressionTest" time="1.883"/>
  <testcase classname="tests.LoginDDTTest" name="loginRegressionTest" time="6.778"/>
</testsuite> <!-- tests.LoginDDTTest -->
