<?xml version="1.0" encoding="UTF-8"?>
<!-- Generated by org.testng.reporters.JUnitReportReporter -->
<testsuite hostname="LAPTOP-D1LMSN48" failures="0" tests="3" name="tests.CartTest" time="35.745" errors="0" timestamp="2026-03-17T19:47:58 GMT+07:00" skipped="0">
  <testcase classname="tests.CartTest" name="removeItem" time="17.051"/>
  <testcase classname="tests.CartTest" name="emptyCart" time="16.846"/>
  <testcase classname="tests.CartTest" name="addItemToCart" time="1.848"/>
</testsuite> <!-- tests.CartTest -->
