<?xml version="1.0" encoding="UTF-8"?>
<!-- Generated by org.testng.reporters.JUnitReportReporter -->
<testsuite hostname="LAPTOP-D1LMSN48" failures="0" tests="3" name="tests.LoginTest" time="6.865" errors="0" timestamp="2026-03-17T19:47:58 GMT+07:00" skipped="0">
  <testcase classname="tests.LoginTest" name="loginFail" time="1.918"/>
  <testcase classname="tests.LoginTest" name="loginErrorMessage" time="2.212"/>
  <testcase classname="tests.LoginTest" name="loginSuccess" time="2.735"/>
</testsuite> <!-- tests.LoginTest -->
