<?xml version="1.0" encoding="UTF-8"?>
<!-- Generated by org.testng.reporters.JUnitReportReporter -->
<testsuite hostname="LAPTOP-D1LMSN48" failures="0" tests="5" name="tests.UserLoginTest" time="7.947" errors="0" timestamp="2026-03-17T19:47:58 GMT+07:00" skipped="0">
  <testcase classname="tests.UserLoginTest" name="loginWithJson" time="1.652"/>
  <testcase classname="tests.UserLoginTest" name="loginWithJson" time="1.536"/>
  <testcase classname="tests.UserLoginTest" name="loginWithJson" time="1.687"/>
  <testcase classname="tests.UserLoginTest" name="loginWithJson" time="1.516"/>
  <testcase classname="tests.UserLoginTest" name="loginWithJson" time="1.556"/>
</testsuite> <!-- tests.UserLoginTest -->
