<?xml version="1.0" encoding="UTF-8"?>
<!-- Generated by org.testng.reporters.JUnitReportReporter -->
<testsuite hostname="LAPTOP-D1LMSN48" failures="0" tests="3" name="tests.FlakySimulationTest" time="20.047" errors="0" timestamp="2026-03-17T19:47:58 GMT+07:00" skipped="2">
  <testcase classname="tests.FlakySimulationTest" name="testFlakyScenario" time="1.467"/>
  <testcase classname="tests.FlakySimulationTest" name="testFlakyScenario" time="17.223">
    <skipped/>
  </testcase> <!-- testFlakyScenario -->
  <testcase classname="tests.FlakySimulationTest" name="testFlakyScenario" time="1.357">
    <skipped/>
  </testcase> <!-- testFlakyScenario -->
</testsuite> <!-- tests.FlakySimulationTest -->
