<?xml version="1.0" encoding="UTF-8"?>
<!-- Generated by org.testng.reporters.JUnitReportReporter -->
<testsuite hostname="LAPTOP-D1LMSN48" failures="0" tests="4" name="lab8.TitleTest" time="8.024" errors="0" timestamp="2026-03-10T14:02:10 GMT+07:00" skipped="0">
  <testcase classname="lab8.TitleTest" name="testPageSource" time="2.005"/>
  <testcase classname="lab8.TitleTest" name="testTitle" time="2.215"/>
  <testcase classname="lab8.TitleTest" name="testURL" time="1.792"/>
  <testcase classname="lab8.TitleTest" name="testLoginFormDisplayed" time="2.012"/>
</testsuite> <!-- lab8.TitleTest -->
