<?xml version="1.0" encoding="UTF-8"?>
<!-- Generated by org.testng.reporters.JUnitReportReporter -->
<testsuite hostname="LAPTOP-D1LMSN48" failures="0" tests="6" name="lab82.TinhTienNuocTest" time="0.021" errors="0" timestamp="2026-03-10T16:40:53 GMT+07:00" skipped="0">
  <testcase classname="lab82.TinhTienNuocTest" name="TC05_danCu3" time="0.001"/>
  <testcase classname="lab82.TinhTienNuocTest" name="TC03_danCu1" time="0.000"/>
  <testcase classname="lab82.TinhTienNuocTest" name="TC04_danCu2" time="0.001"/>
  <testcase classname="lab82.TinhTienNuocTest" name="TC06_kinhDoanh" time="0.001"/>
  <testcase classname="lab82.TinhTienNuocTest" name="TC01_invalidM3" time="0.016"/>
  <testcase classname="lab82.TinhTienNuocTest" name="TC02_hoNgheo" time="0.002"/>
</testsuite> <!-- lab82.TinhTienNuocTest -->
