<?xml version="1.0" encoding="UTF-8"?>
<!-- Generated by org.testng.reporters.JUnitReportReporter -->
<testsuite hostname="LAPTOP-D1LMSN48" failures="0" tests="5" name="lab82.VayVonMCDCTest" time="0.023" errors="0" timestamp="2026-03-10T17:29:01 GMT+07:00" skipped="0">
  <testcase classname="lab82.VayVonMCDCTest" name="testCollateralCase" time="0.001"/>
  <testcase classname="lab82.VayVonMCDCTest" name="testLowIncome" time="0.001"/>
  <testcase classname="lab82.VayVonMCDCTest" name="testInvalidAge" time="0.001"/>
  <testcase classname="lab82.VayVonMCDCTest" name="testCreditScoreFail" time="0.001"/>
  <testcase classname="lab82.VayVonMCDCTest" name="testAllTrue" time="0.019"/>
</testsuite> <!-- lab82.VayVonMCDCTest -->
