<?xml version="1.0" encoding="UTF-8"?>
<!-- Generated by org.testng.reporters.JUnitReportReporter -->
<testsuite hostname="LAPTOP-D1LMSN48" failures="0" tests="8" name="lab82.TinhPhiShipTest" time="0.021" errors="0" timestamp="2026-03-10T17:04:54 GMT+07:00" skipped="0">
  <testcase classname="lab82.TinhPhiShipTest" name="TC07_tinhKhac_over2" time="0.001"/>
  <testcase classname="lab82.TinhPhiShipTest" name="TC01_invalidWeight" time="0.014"/>
  <testcase classname="lab82.TinhPhiShipTest" name="TC02_noiThanh_basic" time="0.002"/>
  <testcase classname="lab82.TinhPhiShipTest" name="TC04_ngoaiThanh_basic" time="0.001"/>
  <testcase classname="lab82.TinhPhiShipTest" name="TC05_ngoaiThanh_over3" time="0.001"/>
  <testcase classname="lab82.TinhPhiShipTest" name="TC06_tinhKhac_basic" time="0.001"/>
  <testcase classname="lab82.TinhPhiShipTest" name="TC03_noiThanh_over5" time="0.001"/>
  <testcase classname="lab82.TinhPhiShipTest" name="TC08_member_discount" time="0.000"/>
</testsuite> <!-- lab82.TinhPhiShipTest -->
