<?xml version="1.0" encoding="UTF-8"?>
<!-- Generated by org.testng.reporters.JUnitReportReporter -->
<testsuite hostname="LAPTOP-D1LMSN48" failures="0" tests="6" name="lab82.XepLoaiTest" time="0.012" errors="0" timestamp="2026-03-10T16:17:53 GMT+07:00" skipped="0">
  <testcase classname="lab82.XepLoaiTest" name="TC05_thilai" time="0.000"/>
  <testcase classname="lab82.XepLoaiTest" name="TC03_kha" time="0.001"/>
  <testcase classname="lab82.XepLoaiTest" name="TC04_trungbinh" time="0.001"/>
  <testcase classname="lab82.XepLoaiTest" name="TC06_yeu" time="0.001"/>
  <testcase classname="lab82.XepLoaiTest" name="TC01_invalidScore" time="0.008"/>
  <testcase classname="lab82.XepLoaiTest" name="TC02_gioi" time="0.001"/>
</testsuite> <!-- lab82.XepLoaiTest -->
