<?xml version="1.0" encoding="UTF-8"?>
<!-- Generated by org.testng.reporters.JUnitXMLReporter -->
<testsuite ignored="1" hostname="LAPTOP-D1LMSN48" failures="0" tests="4" name="Smoke Test" time="13.748" errors="0" timestamp="2026-03-17T18:18:33 GMT+07:00">
  <testcase classname="tests.LoginDDTTest" name="loginSmokeTest" time="0.415"/>
  <testcase classname="tests.LoginDDTTest" name="loginSmokeTest" time="0.355"/>
  <testcase classname="tests.LoginDDTTest" name="loginSmokeTest" time="5.473"/>
  <testcase classname="tests.LoginDDTTest" name="loginSmokeTest" time="0.271"/>
  <testcase classname="tests.LoginDDTTest" name="loginRegressionTest" time="0.0">
    <ignored/>
  </testcase> <!-- loginRegressionTest -->
</testsuite> <!-- Smoke Test -->
