<?xml version="1.0" encoding="UTF-8"?>
<testng-results ignored="0" total="0" passed="0" failed="0" skipped="0">
  <reporter-output>
  </reporter-output>
  <suite started-at="2026-03-03T15:36:03 GMT+07:00" name="Lab7 Suite" finished-at="2026-03-03T15:36:03 GMT+07:00" duration-ms="9">
    <groups>
    </groups>
    <test started-at="2026-03-03T15:36:03 GMT+07:00" name="Login Test" finished-at="2026-03-03T15:36:03 GMT+07:00" duration-ms="9">
    </test> <!-- Login Test -->
  </suite> <!-- Lab7 Suite -->
</testng-results>
