<?xml version="1.0" encoding="UTF-8"?>
<!-- Generated by org.testng.reporters.JUnitXMLReporter -->
<testsuite ignored="0" hostname="LAPTOP-D1LMSN48" failures="0" tests="32" name="All Tests" time="111.782" errors="0" timestamp="2026-03-17T19:47:58 GMT+07:00">
  <testcase classname="tests.LoginTest" name="loginErrorMessage" time="0.705"/>
  <testcase classname="tests.LoginTest" name="loginFail" time="0.354"/>
  <testcase classname="tests.LoginTest" name="loginSuccess" time="0.467"/>
  <testcase classname="tests.CartTest" name="addItemToCart" time="0.391"/>
  <testcase classname="tests.CartTest" name="emptyCart" time="15.477"/>
  <testcase classname="tests.CartTest" name="removeItem" time="15.533"/>
  <testcase classname="tests.LoginDDTTest" name="loginRegressionTest" time="0.369"/>
  <testcase classname="tests.LoginDDTTest" name="loginRegressionTest" time="0.282"/>
  <testcase classname="tests.LoginDDTTest" name="loginRegressionTest" time="5.315"/>
  <testcase classname="tests.LoginDDTTest" name="loginRegressionTest" time="0.321"/>
  <testcase classname="tests.LoginDDTTest" name="loginRegressionTest" time="0.34"/>
  <testcase classname="tests.LoginDDTTest" name="loginRegressionTest" time="0.281"/>
  <testcase classname="tests.LoginDDTTest" name="loginRegressionTest" time="0.278"/>
  <testcase classname="tests.LoginDDTTest" name="loginRegressionTest" time="0.31"/>
  <testcase classname="tests.LoginDDTTest" name="loginRegressionTest" time="0.258"/>
  <testcase classname="tests.LoginDDTTest" name="loginRegressionTest" time="0.283"/>
  <testcase classname="tests.LoginDDTTest" name="loginRegressionTest" time="0.26"/>
  <testcase classname="tests.LoginDDTTest" name="loginRegressionTest" time="0.264"/>
  <testcase classname="tests.LoginDDTTest" name="loginRegressionTest" time="0.265"/>
  <testcase classname="tests.LoginDDTTest" name="loginRegressionTest" time="0.258"/>
  <testcase classname="tests.LoginDDTTest" name="loginSmokeTest" time="0.272"/>
  <testcase classname="tests.LoginDDTTest" name="loginSmokeTest" time="0.296"/>
  <testcase classname="tests.LoginDDTTest" name="loginSmokeTest" time="5.274"/>
  <testcase classname="tests.LoginDDTTest" name="loginSmokeTest" time="0.234"/>
  <testcase classname="tests.UserLoginTest" name="loginWithJson" time="0.293"/>
  <testcase classname="tests.UserLoginTest" name="loginWithJson" time="0.258"/>
  <testcase classname="tests.UserLoginTest" name="loginWithJson" time="0.291"/>
  <testcase classname="tests.UserLoginTest" name="loginWithJson" time="0.254"/>
  <testcase classname="tests.UserLoginTest" name="loginWithJson" time="0.254"/>
  <testcase classname="tests.FlakySimulationTest" name="testFlakyScenario" time="0.002">
    <skipped/>
  </testcase> <!-- testFlakyScenario -->
  <testcase classname="tests.FlakySimulationTest" name="testFlakyScenario" time="0.001">
    <skipped/>
  </testcase> <!-- testFlakyScenario -->
  <testcase classname="tests.FlakySimulationTest" name="testFlakyScenario" time="0.001"/>
</testsuite> <!-- All Tests -->
