<?xml version="1.0" encoding="UTF-8"?>
<!-- Generated by org.testng.reporters.JUnitReportReporter -->
<testsuite hostname="LAPTOP-D1LMSN48" failures="0" tests="4" name="tests.JsonSchemaTest" time="8.406" errors="0" timestamp="2026-03-24T18:09:09 GMT+07:00" skipped="0">
  <testcase classname="tests.JsonSchemaTest" name="testCreatePostSchema" time="7.049"/>
  <testcase classname="tests.JsonSchemaTest" name="testSingleUserSchema" time="0.400"/>
  <testcase classname="tests.JsonSchemaTest" name="testUserListSchema" time="0.626"/>
  <testcase classname="tests.JsonSchemaTest" name="testSchemaFailDemo" time="0.331"/>
</testsuite> <!-- tests.JsonSchemaTest -->
