<?xml version="1.0" encoding="UTF-8"?>
<!-- Generated by org.testng.reporters.JUnitReportReporter -->
<testsuite hostname="LAPTOP-D1LMSN48" failures="0" tests="4" name="tests.UserGetTest" time="2.081" errors="0" timestamp="2026-03-24T13:46:36 GMT+07:00" skipped="0">
  <testcase classname="tests.UserGetTest" name="testGetUser1" time="0.196"/>
  <testcase classname="tests.UserGetTest" name="testUserNotFound" time="0.193"/>
  <testcase classname="tests.UserGetTest" name="testGetUser5" time="0.229"/>
  <testcase classname="tests.UserGetTest" name="testGetAllUsers" time="1.463"/>
</testsuite> <!-- tests.UserGetTest -->
