<?xml version="1.0" encoding="UTF-8"?>
<!-- Generated by org.testng.reporters.JUnitReportReporter -->
<testsuite hostname="LAPTOP-D1LMSN48" failures="0" tests="10" name="tests.AuthTest" time="6.775" errors="0" timestamp="2026-03-25T00:43:46 GMT+07:00" skipped="0">
  <testcase classname="tests.AuthTest" name="testCreatePostSuccess" time="1.912"/>
  <testcase classname="tests.AuthTest" name="testGetPostSuccess" time="0.177"/>
  <testcase classname="tests.AuthTest" name="testGetPostNotFound" time="0.149"/>
  <testcase classname="tests.AuthTest" name="testUpdatePostSuccess" time="0.383"/>
  <testcase classname="tests.AuthTest" name="testDeletePostSuccess" time="0.891"/>
  <testcase classname="tests.AuthTest" name="testCreatePostDataDriven" time="0.891"/>
  <testcase classname="tests.AuthTest" name="testCreatePostDataDriven" time="0.411"/>
  <testcase classname="tests.AuthTest" name="testCreatePostDataDriven" time="0.665"/>
  <testcase classname="tests.AuthTest" name="testCreatePostDataDriven" time="0.867"/>
  <testcase classname="tests.AuthTest" name="testCreatePostDataDriven" time="0.429"/>
</testsuite> <!-- tests.AuthTest -->
