<?xml version="1.0" encoding="UTF-8"?>
<!-- Generated by org.testng.reporters.JUnitXMLReporter -->
<testsuite ignored="0" hostname="LAPTOP-D1LMSN48" failures="0" tests="10" name="JSONPlaceholder API Tests" time="9.593" errors="0" timestamp="2026-03-25T01:18:43 GMT+07:00">
  <testcase classname="tests.PostApiTest" name="testGetAllPosts" time="1.782"/>
  <testcase classname="tests.PostApiTest" name="testGetSinglePost" time="0.447"/>
  <testcase classname="tests.PostApiTest" name="testCreatePost" time="0.456"/>
  <testcase classname="tests.PostApiTest" name="testUpdatePost" time="0.902"/>
  <testcase classname="tests.PostApiTest" name="testDeletePost" time="0.367"/>
  <testcase classname="tests.CommentApiTest" name="testGetCommentsByPost" time="0.28"/>
  <testcase classname="tests.UserApiTest" name="testGetListUsers" time="0.157"/>
  <testcase classname="tests.UserApiTest" name="testUserAddressSchema" time="0.187"/>
  <testcase classname="tests.HybridTest" name="testUiLoginAfterApiPass" time="2.018"/>
  <testcase classname="tests.HybridTest" name="testFullIntegrationFlow" time="0.166"/>
</testsuite> <!-- JSONPlaceholder API Tests -->
