<?xml version="1.0" encoding="UTF-8"?>
<testsuite xmlns:xsi="http://www.w3.org/2001/XMLSchema-instance" xsi:noNamespaceSchemaLocation="https://maven.apache.org/surefire/maven-surefire-plugin/xsd/surefire-test-report.xsd" version="3.0.2" name="TestSuite" time="39.288" tests="5" errors="0" skipped="2" failures="1">
  <properties>
[...]
</properties>
  <testcase name="testPass" classname="tests.FailTest" time="0.004">
    <system-err><![CDATA[SLF4J(W): No SLF4J providers were found.
SLF4J(W): Defaulting to no-operation (NOP) logger implementation
SLF4J(W): See https://www.slf4j.org/codes.html#noProviders for further details.
]]></system-err>
  </testcase>
  <testcase name="testLoginSuccess" classname="tests.LoginTest" time="0.0">
    <skipped message="Login failed: Epic sadface: Username is required"/>
    <system-out><![CDATA[Browser Ä‘ang cháº¡y: chrome
Running browser: chrome
Running in CI: false
[Grid] Káº¿t ná»‘i Grid táº¡i: http://localhost:4444
[Grid] Chrome SessionID: 25a83ada63787cc4b192b2a46ce2e25e
âš ï¸� Username tá»« ENV bá»‹ null!
âš ï¸� Password tá»« ENV bá»‹ null!
USER = 
PASS = 
LOGIN ERROR: Epic sadface: Username is required
Retry láº§n 1
]]></system-out>
    <system-err><![CDATA[Mar 31, 2026 5:04:38 PM org.openqa.selenium.remote.tracing.opentelemetry.OpenTelemetryTracer createTracer
INFO: Using OpenTelemetry for tracing
]]></system-err>
  </testcase>
  <testcase name="testLoginSuccess" classname="tests.LoginTest" time="0.0">
    <skipped message="Login failed: Epic sadface: Username is required"/>
    <system-out><![CDATA[Browser Ä‘ang cháº¡y: chrome
Running browser: chrome
Running in CI: false
[Grid] Káº¿t ná»‘i Grid táº¡i: http://localhost:4444
[Grid] Chrome SessionID: fcac33e48ac8604983eb9a267445c84f
âš ï¸� Username tá»« ENV bá»‹ null!
âš ï¸� Password tá»« ENV bá»‹ null!
USER = 
PASS = 
LOGIN ERROR: Epic sadface: Username is required
Retry láº§n 2
]]></system-out>
  </testcase>
  <testcase name="testLoginSuccess" classname="tests.LoginTest" time="11.046">
    <failure message="Login failed: Epic sadface: Username is required" type="java.lang.AssertionError"><![CDATA[java.lang.AssertionError: Login failed: Epic sadface: Username is required
	at org.testng.Assert.fail(Assert.java:111)
	at tests.LoginTest.testLoginSuccess(LoginTest.java:48)
	at java.base/jdk.internal.reflect.NativeMethodAccessorImpl.invoke0(Native Method)
	at java.base/jdk.internal.reflect.NativeMethodAccessorImpl.invoke(NativeMethodAccessorImpl.java:77)
	at java.base/jdk.internal.reflect.DelegatingMethodAccessorImpl.invoke(DelegatingMethodAccessorImpl.java:43)
	at java.base/java.lang.reflect.Method.invoke(Method.java:569)
	at org.testng.internal.invokers.MethodInvocationHelper.invokeMethod(MethodInvocationHelper.java:139)
	at org.testng.internal.invokers.TestInvoker.invokeMethod(TestInvoker.java:664)
	at org.testng.internal.invokers.TestInvoker.retryFailed(TestInvoker.java:249)
	at org.testng.internal.invokers.MethodRunner.runInSequence(MethodRunner.java:76)
	at org.testng.internal.invokers.TestInvoker$MethodInvocationAgent.invoke(TestInvoker.java:961)
	at org.testng.internal.invokers.TestInvoker.invokeTestMethods(TestInvoker.java:201)
	at org.testng.internal.invokers.TestMethodWorker.invokeTestMethods(TestMethodWorker.java:148)
	at org.testng.internal.invokers.TestMethodWorker.run(TestMethodWorker.java:128)
	at java.base/java.util.ArrayList.forEach(ArrayList.java:1511)
	at org.testng.TestRunner.privateRun(TestRunner.java:819)
	at org.testng.TestRunner.run(TestRunner.java:619)
	at org.testng.SuiteRunner.runTest(SuiteRunner.java:443)
	at org.testng.SuiteRunner.runSequentially(SuiteRunner.java:437)
	at org.testng.SuiteRunner.privateRun(SuiteRunner.java:397)
	at org.testng.SuiteRunner.run(SuiteRunner.java:336)
	at org.testng.SuiteRunnerWorker.runSuite(SuiteRunnerWorker.java:52)
	at org.testng.SuiteRunnerWorker.run(SuiteRunnerWorker.java:95)
	at org.testng.TestNG.runSuitesSequentially(TestNG.java:1301)
	at org.testng.TestNG.runSuitesLocally(TestNG.java:1228)
	at org.testng.TestNG.runSuites(TestNG.java:1134)
	at org.testng.TestNG.run(TestNG.java:1101)
	at org.apache.maven.surefire.testng.TestNGExecutor.run(TestNGExecutor.java:155)
	at org.apache.maven.surefire.testng.TestNGDirectoryTestSuite.executeMulti(TestNGDirectoryTestSuite.java:169)
	at org.apache.maven.surefire.testng.TestNGDirectoryTestSuite.execute(TestNGDirectoryTestSuite.java:88)
	at org.apache.maven.surefire.testng.TestNGProvider.invoke(TestNGProvider.java:137)
	at org.apache.maven.surefire.booter.ForkedBooter.runSuitesInProcess(ForkedBooter.java:385)
	at org.apache.maven.surefire.booter.ForkedBooter.execute(ForkedBooter.java:162)
	at org.apache.maven.surefire.booter.ForkedBooter.run(ForkedBooter.java:507)
	at org.apache.maven.surefire.booter.ForkedBooter.main(ForkedBooter.java:495)
]]></failure>
    <system-out><![CDATA[Browser Ä‘ang cháº¡y: chrome
Running browser: chrome
Running in CI: false
[Grid] Káº¿t ná»‘i Grid táº¡i: http://localhost:4444
[Grid] Chrome SessionID: b1c530d191138282e41d36292868f2da
âš ï¸� Username tá»« ENV bá»‹ null!
âš ï¸� Password tá»« ENV bá»‹ null!
USER = 
PASS = 
LOGIN ERROR: Epic sadface: Username is required
]]></system-out>
  </testcase>
  <testcase name="testGoogle" classname="tests.TestGoogle" time="0.691">
    <system-out><![CDATA[Browser Ä‘ang cháº¡y: chrome
Running browser: chrome
Running in CI: false
[Grid] Káº¿t ná»‘i Grid táº¡i: http://localhost:4444
[Grid] Chrome SessionID: 9d82ed407c502d129c374ebae8b61329
]]></system-out>
  </testcase>
</testsuite>