<?xml version="1.0" encoding="UTF-8"?>
<!-- Generated by org.testng.reporters.JUnitReportReporter -->
<testsuite hostname="LAPTOP-D1LMSN48" failures="0" tests="5" name="tests.PostApiTest" time="3.954" errors="0" timestamp="2026-03-25T01:18:43 GMT+07:00" skipped="0">
  <testcase classname="tests.PostApiTest" name="testGetAllPosts" time="1.782"/>
  <testcase classname="tests.PostApiTest" name="testGetSinglePost" time="0.447"/>
  <testcase classname="tests.PostApiTest" name="testCreatePost" time="0.456"/>
  <testcase classname="tests.PostApiTest" name="testUpdatePost" time="0.902"/>
  <testcase classname="tests.PostApiTest" name="testDeletePost" time="0.367"/>
</testsuite> <!-- tests.PostApiTest -->
