<?xml version="1.0" encoding="UTF-8"?>
<!-- Generated by org.testng.reporters.JUnitReportReporter -->
<testsuite hostname="LAPTOP-D1LMSN48" failures="0" tests="14" name="tests.LoginDDTTest" time="36.837" errors="0" timestamp="2026-03-17T18:53:11 GMT+07:00" skipped="0">
  <testcase classname="tests.LoginDDTTest" name="loginRegressionTest" time="1.748"/>
  <testcase classname="tests.LoginDDTTest" name="loginRegressionTest" time="2.225"/>
  <testcase classname="tests.LoginDDTTest" name="loginRegressionTest" time="1.752"/>
  <testcase classname="tests.LoginDDTTest" name="loginRegressionTest" time="1.594"/>
  <testcase classname="tests.LoginDDTTest" name="loginRegressionTest" time="1.814"/>
  <testcase classname="tests.LoginDDTTest" name="loginRegressionTest" time="1.646"/>
  <testcase classname="tests.LoginDDTTest" name="loginRegressionTest" time="1.610"/>
  <testcase classname="tests.LoginDDTTest" name="loginRegressionTest" time="1.686"/>
  <testcase classname="tests.LoginDDTTest" name="loginRegressionTest" time="9.219"/>
  <testcase classname="tests.LoginDDTTest" name="loginRegressionTest" time="1.757"/>
  <testcase classname="tests.LoginDDTTest" name="loginRegressionTest" time="6.803"/>
  <testcase classname="tests.LoginDDTTest" name="loginRegressionTest" time="1.673"/>
  <testcase classname="tests.LoginDDTTest" name="loginRegressionTest" time="1.679"/>
  <testcase classname="tests.LoginDDTTest" name="loginRegressionTest" time="1.631"/>
</testsuite> <!-- tests.LoginDDTTest -->
